Analysis & Synthesis report for seven
Thu Mar 13 16:56:10 2025
Quartus II 64-Bit Version 13.1.0 Build 162 10/23/2013 SJ Full Version


---------------------
; Table of Contents ;
---------------------
  1. Legal Notice
  2. Analysis & Synthesis Summary
  3. Analysis & Synthesis Settings
  4. Parallel Compilation
  5. Analysis & Synthesis Source Files Read
  6. Analysis & Synthesis Resource Usage Summary
  7. Analysis & Synthesis Resource Utilization by Entity
  8. State Machine - |seven|top:top_inst|game_controller:game_controller_inst|game_state
  9. State Machine - |seven|top:top_inst|cpu_core:cpu_core_inst|state
 10. Registers Removed During Synthesis
 11. Removed Registers Triggering Further Register Optimizations
 12. General Register Statistics
 13. Multiplexer Restructuring Statistics (Restructuring Performed)
 14. Parameter Settings for User Entity Instance: top:top_inst|clock_gen:clock_gen_inst
 15. Parameter Settings for Inferred Entity Instance: top:top_inst|clock_gen:clock_gen_inst|lpm_divide:Mod1
 16. Port Connectivity Checks: "top:top_inst|cpu_core:cpu_core_inst"
 17. Port Connectivity Checks: "top:top_inst|clock_gen:clock_gen_inst"
 18. Elapsed Time Per Partition
 19. Analysis & Synthesis Messages



----------------
; Legal Notice ;
----------------
Copyright (C) 1991-2013 Altera Corporation
Your use of Altera Corporation's design tools, logic functions 
and other software and tools, and its AMPP partner logic 
functions, and any output files from any of the foregoing 
(including device programming or simulation files), and any 
associated documentation or information are expressly subject 
to the terms and conditions of the Altera Program License 
Subscription Agreement, Altera MegaCore Function License 
Agreement, or other applicable license agreement, including, 
without limitation, that your use is for the sole purpose of 
programming logic devices manufactured by Altera and sold by 
Altera or its authorized distributors.  Please refer to the 
applicable agreement for further details.



+----------------------------------------------------------------------------------+
; Analysis & Synthesis Summary                                                     ;
+------------------------------------+---------------------------------------------+
; Analysis & Synthesis Status        ; Successful - Thu Mar 13 16:56:10 2025       ;
; Quartus II 64-Bit Version          ; 13.1.0 Build 162 10/23/2013 SJ Full Version ;
; Revision Name                      ; seven                                       ;
; Top-level Entity Name              ; seven                                       ;
; Family                             ; Cyclone IV E                                ;
; Total logic elements               ; 544                                         ;
;     Total combinational functions  ; 544                                         ;
;     Dedicated logic registers      ; 61                                          ;
; Total registers                    ; 61                                          ;
; Total pins                         ; 22                                          ;
; Total virtual pins                 ; 0                                           ;
; Total memory bits                  ; 0                                           ;
; Embedded Multiplier 9-bit elements ; 0                                           ;
; Total PLLs                         ; 0                                           ;
+------------------------------------+---------------------------------------------+


+----------------------------------------------------------------------------------------------------------------------+
; Analysis & Synthesis Settings                                                                                        ;
+----------------------------------------------------------------------------+--------------------+--------------------+
; Option                                                                     ; Setting            ; Default Value      ;
+----------------------------------------------------------------------------+--------------------+--------------------+
; Device                                                                     ; EP4CE6E22C8        ;                    ;
; Top-level entity name                                                      ; seven              ; seven              ;
; Family name                                                                ; Cyclone IV E       ; Cyclone IV GX      ;
; Use smart compilation                                                      ; Off                ; Off                ;
; Enable parallel Assembler and TimeQuest Timing Analyzer during compilation ; On                 ; On                 ;
; Enable compact report table                                                ; Off                ; Off                ;
; Restructure Multiplexers                                                   ; Auto               ; Auto               ;
; Create Debugging Nodes for IP Cores                                        ; Off                ; Off                ;
; Preserve fewer node names                                                  ; On                 ; On                 ;
; Disable OpenCore Plus hardware evaluation                                  ; Off                ; Off                ;
; Verilog Version                                                            ; Verilog_2001       ; Verilog_2001       ;
; VHDL Version                                                               ; VHDL_1993          ; VHDL_1993          ;
; State Machine Processing                                                   ; Auto               ; Auto               ;
; Safe State Machine                                                         ; Off                ; Off                ;
; Extract Verilog State Machines                                             ; On                 ; On                 ;
; Extract VHDL State Machines                                                ; On                 ; On                 ;
; Ignore Verilog initial constructs                                          ; Off                ; Off                ;
; Iteration limit for constant Verilog loops                                 ; 5000               ; 5000               ;
; Iteration limit for non-constant Verilog loops                             ; 250                ; 250                ;
; Add Pass-Through Logic to Inferred RAMs                                    ; On                 ; On                 ;
; Infer RAMs from Raw Logic                                                  ; On                 ; On                 ;
; Parallel Synthesis                                                         ; On                 ; On                 ;
; DSP Block Balancing                                                        ; Auto               ; Auto               ;
; NOT Gate Push-Back                                                         ; On                 ; On                 ;
; Power-Up Don't Care                                                        ; On                 ; On                 ;
; Remove Redundant Logic Cells                                               ; Off                ; Off                ;
; Remove Duplicate Registers                                                 ; On                 ; On                 ;
; Ignore CARRY Buffers                                                       ; Off                ; Off                ;
; Ignore CASCADE Buffers                                                     ; Off                ; Off                ;
; Ignore GLOBAL Buffers                                                      ; Off                ; Off                ;
; Ignore ROW GLOBAL Buffers                                                  ; Off                ; Off                ;
; Ignore LCELL Buffers                                                       ; Off                ; Off                ;
; Ignore SOFT Buffers                                                        ; On                 ; On                 ;
; Limit AHDL Integers to 32 Bits                                             ; Off                ; Off                ;
; Optimization Technique                                                     ; Balanced           ; Balanced           ;
; Carry Chain Length                                                         ; 70                 ; 70                 ;
; Auto Carry Chains                                                          ; On                 ; On                 ;
; Auto Open-Drain Pins                                                       ; On                 ; On                 ;
; Perform WYSIWYG Primitive Resynthesis                                      ; Off                ; Off                ;
; Auto ROM Replacement                                                       ; On                 ; On                 ;
; Auto RAM Replacement                                                       ; On                 ; On                 ;
; Auto DSP Block Replacement                                                 ; On                 ; On                 ;
; Auto Shift Register Replacement                                            ; Auto               ; Auto               ;
; Allow Shift Register Merging across Hierarchies                            ; Auto               ; Auto               ;
; Auto Clock Enable Replacement                                              ; On                 ; On                 ;
; Strict RAM Replacement                                                     ; Off                ; Off                ;
; Allow Synchronous Control Signals                                          ; On                 ; On                 ;
; Force Use of Synchronous Clear Signals                                     ; Off                ; Off                ;
; Auto RAM Block Balancing                                                   ; On                 ; On                 ;
; Auto RAM to Logic Cell Conversion                                          ; Off                ; Off                ;
; Auto Resource Sharing                                                      ; Off                ; Off                ;
; Allow Any RAM Size For Recognition                                         ; Off                ; Off                ;
; Allow Any ROM Size For Recognition                                         ; Off                ; Off                ;
; Allow Any Shift Register Size For Recognition                              ; Off                ; Off                ;
; Use LogicLock Constraints during Resource Balancing                        ; On                 ; On                 ;
; Ignore translate_off and synthesis_off directives                          ; Off                ; Off                ;
; Timing-Driven Synthesis                                                    ; On                 ; On                 ;
; Report Parameter Settings                                                  ; On                 ; On                 ;
; Report Source Assignments                                                  ; On                 ; On                 ;
; Report Connectivity Checks                                                 ; On                 ; On                 ;
; Ignore Maximum Fan-Out Assignments                                         ; Off                ; Off                ;
; Synchronization Register Chain Length                                      ; 2                  ; 2                  ;
; PowerPlay Power Optimization                                               ; Normal compilation ; Normal compilation ;
; HDL message level                                                          ; Level2             ; Level2             ;
; Suppress Register Optimization Related Messages                            ; Off                ; Off                ;
; Number of Removed Registers Reported in Synthesis Report                   ; 5000               ; 5000               ;
; Number of Swept Nodes Reported in Synthesis Report                         ; 5000               ; 5000               ;
; Number of Inverted Registers Reported in Synthesis Report                  ; 100                ; 100                ;
; Clock MUX Protection                                                       ; On                 ; On                 ;
; Auto Gated Clock Conversion                                                ; Off                ; Off                ;
; Block Design Naming                                                        ; Auto               ; Auto               ;
; SDC constraint protection                                                  ; Off                ; Off                ;
; Synthesis Effort                                                           ; Auto               ; Auto               ;
; Shift Register Replacement - Allow Asynchronous Clear Signal               ; On                 ; On                 ;
; Pre-Mapping Resynthesis Optimization                                       ; Off                ; Off                ;
; Analysis & Synthesis Message Level                                         ; Medium             ; Medium             ;
; Disable Register Merging Across Hierarchies                                ; Auto               ; Auto               ;
; Resource Aware Inference For Block RAM                                     ; On                 ; On                 ;
; Synthesis Seed                                                             ; 1                  ; 1                  ;
+----------------------------------------------------------------------------+--------------------+--------------------+


+------------------------------------------+
; Parallel Compilation                     ;
+----------------------------+-------------+
; Processors                 ; Number      ;
+----------------------------+-------------+
; Number detected on machine ; 20          ;
; Maximum allowed            ; 14          ;
;                            ;             ;
; Average used               ; 1.00        ;
; Maximum used               ; 1           ;
;                            ;             ;
; Usage by Processor         ; % Time Used ;
;     Processor 1            ; 100.0%      ;
;     Processors 2-20        ;   0.0%      ;
+----------------------------+-------------+


+--------------------------------------------------------------------------------------------------------------------------------------------------------------+
; Analysis & Synthesis Source Files Read                                                                                                                       ;
+----------------------------------+-----------------+------------------------------+----------------------------------------------------------------+---------+
; File Name with User-Entered Path ; Used in Netlist ; File Type                    ; File Name with Absolute Path                                   ; Library ;
+----------------------------------+-----------------+------------------------------+----------------------------------------------------------------+---------+
; seven.v                          ; yes             ; User Verilog HDL File        ; E:/computerExercise/seven/seven.v                              ;         ;
; rtl/top.v                        ; yes             ; User Verilog HDL File        ; E:/computerExercise/seven/rtl/top.v                            ;         ;
; rtl/cpu/cpu_core.v               ; yes             ; User Verilog HDL File        ; E:/computerExercise/seven/rtl/cpu/cpu_core.v                   ;         ;
; rtl/clock/clock_gen.v            ; yes             ; User Verilog HDL File        ; E:/computerExercise/seven/rtl/clock/clock_gen.v                ;         ;
; rtl/memory/memory.v              ; yes             ; User Verilog HDL File        ; E:/computerExercise/seven/rtl/memory/memory.v                  ;         ;
; rtl/game/game_controller.v       ; yes             ; User Verilog HDL File        ; E:/computerExercise/seven/rtl/game/game_controller.v           ;         ;
; lpm_divide.tdf                   ; yes             ; Megafunction                 ; d:/quartus/quartus/libraries/megafunctions/lpm_divide.tdf      ;         ;
; abs_divider.inc                  ; yes             ; Megafunction                 ; d:/quartus/quartus/libraries/megafunctions/abs_divider.inc     ;         ;
; sign_div_unsign.inc              ; yes             ; Megafunction                 ; d:/quartus/quartus/libraries/megafunctions/sign_div_unsign.inc ;         ;
; aglobal131.inc                   ; yes             ; Megafunction                 ; d:/quartus/quartus/libraries/megafunctions/aglobal131.inc      ;         ;
; db/lpm_divide_ocm.tdf            ; yes             ; Auto-Generated Megafunction  ; E:/computerExercise/seven/db/lpm_divide_ocm.tdf                ;         ;
; db/sign_div_unsign_dnh.tdf       ; yes             ; Auto-Generated Megafunction  ; E:/computerExercise/seven/db/sign_div_unsign_dnh.tdf           ;         ;
; db/alt_u_div_eaf.tdf             ; yes             ; Auto-Generated Megafunction  ; E:/computerExercise/seven/db/alt_u_div_eaf.tdf                 ;         ;
; db/add_sub_7pc.tdf               ; yes             ; Auto-Generated Megafunction  ; E:/computerExercise/seven/db/add_sub_7pc.tdf                   ;         ;
; db/add_sub_8pc.tdf               ; yes             ; Auto-Generated Megafunction  ; E:/computerExercise/seven/db/add_sub_8pc.tdf                   ;         ;
+----------------------------------+-----------------+------------------------------+----------------------------------------------------------------+---------+


+------------------------------------------------------------------------------------------------------------------------------------------------------------------------------------------------------------------+
; Analysis & Synthesis Resource Usage Summary                                                                                                                                                                      ;
+---------------------------------------------+--------------------------------------------------------------------------------------------------------------------------------------------------------------------+
; Resource                                    ; Usage                                                                                                                                                              ;
+---------------------------------------------+--------------------------------------------------------------------------------------------------------------------------------------------------------------------+
; Estimated Total logic elements              ; 544                                                                                                                                                                ;
;                                             ;                                                                                                                                                                    ;
; Total combinational functions               ; 544                                                                                                                                                                ;
; Logic element usage by number of LUT inputs ;                                                                                                                                                                    ;
;     -- 4 input functions                    ; 154                                                                                                                                                                ;
;     -- 3 input functions                    ; 117                                                                                                                                                                ;
;     -- <=2 input functions                  ; 273                                                                                                                                                                ;
;                                             ;                                                                                                                                                                    ;
; Logic elements by mode                      ;                                                                                                                                                                    ;
;     -- normal mode                          ; 381                                                                                                                                                                ;
;     -- arithmetic mode                      ; 163                                                                                                                                                                ;
;                                             ;                                                                                                                                                                    ;
; Total registers                             ; 61                                                                                                                                                                 ;
;     -- Dedicated logic registers            ; 61                                                                                                                                                                 ;
;     -- I/O registers                        ; 0                                                                                                                                                                  ;
;                                             ;                                                                                                                                                                    ;
; I/O pins                                    ; 22                                                                                                                                                                 ;
; Embedded Multiplier 9-bit elements          ; 0                                                                                                                                                                  ;
; Maximum fan-out node                        ; top:top_inst|clock_gen:clock_gen_inst|lpm_divide:Mod1|lpm_divide_ocm:auto_generated|sign_div_unsign_dnh:divider|alt_u_div_eaf:divider|add_sub_28_result_int[28]~40 ;
; Maximum fan-out                             ; 78                                                                                                                                                                 ;
; Total fan-out                               ; 1754                                                                                                                                                               ;
; Average fan-out                             ; 2.70                                                                                                                                                               ;
+---------------------------------------------+--------------------------------------------------------------------------------------------------------------------------------------------------------------------+


+------------------------------------------------------------------------------------------------------------------------------------------------------------------------------------------------------------------------------------------------------------------------------------------------------------------------+
; Analysis & Synthesis Resource Utilization by Entity                                                                                                                                                                                                                                                                    ;
+----------------------------------------------+-------------------+--------------+-------------+--------------+---------+-----------+------+--------------+----------------------------------------------------------------------------------------------------------------------------------------------+--------------+
; Compilation Hierarchy Node                   ; LC Combinationals ; LC Registers ; Memory Bits ; DSP Elements ; DSP 9x9 ; DSP 18x18 ; Pins ; Virtual Pins ; Full Hierarchy Name                                                                                                                          ; Library Name ;
+----------------------------------------------+-------------------+--------------+-------------+--------------+---------+-----------+------+--------------+----------------------------------------------------------------------------------------------------------------------------------------------+--------------+
; |seven                                       ; 544 (1)           ; 61 (0)       ; 0           ; 0            ; 0       ; 0         ; 22   ; 0            ; |seven                                                                                                                                       ; work         ;
;    |top:top_inst|                            ; 543 (0)           ; 61 (0)       ; 0           ; 0            ; 0       ; 0         ; 0    ; 0            ; |seven|top:top_inst                                                                                                                          ; work         ;
;       |clock_gen:clock_gen_inst|             ; 489 (67)          ; 33 (33)      ; 0           ; 0            ; 0       ; 0         ; 0    ; 0            ; |seven|top:top_inst|clock_gen:clock_gen_inst                                                                                                 ; work         ;
;          |lpm_divide:Mod1|                   ; 422 (0)           ; 0 (0)        ; 0           ; 0            ; 0       ; 0         ; 0    ; 0            ; |seven|top:top_inst|clock_gen:clock_gen_inst|lpm_divide:Mod1                                                                                 ; work         ;
;             |lpm_divide_ocm:auto_generated|  ; 422 (0)           ; 0 (0)        ; 0           ; 0            ; 0       ; 0         ; 0    ; 0            ; |seven|top:top_inst|clock_gen:clock_gen_inst|lpm_divide:Mod1|lpm_divide_ocm:auto_generated                                                   ; work         ;
;                |sign_div_unsign_dnh:divider| ; 422 (0)           ; 0 (0)        ; 0           ; 0            ; 0       ; 0         ; 0    ; 0            ; |seven|top:top_inst|clock_gen:clock_gen_inst|lpm_divide:Mod1|lpm_divide_ocm:auto_generated|sign_div_unsign_dnh:divider                       ; work         ;
;                   |alt_u_div_eaf:divider|    ; 422 (422)         ; 0 (0)        ; 0           ; 0            ; 0       ; 0         ; 0    ; 0            ; |seven|top:top_inst|clock_gen:clock_gen_inst|lpm_divide:Mod1|lpm_divide_ocm:auto_generated|sign_div_unsign_dnh:divider|alt_u_div_eaf:divider ; work         ;
;       |game_controller:game_controller_inst| ; 54 (54)           ; 28 (28)      ; 0           ; 0            ; 0       ; 0         ; 0    ; 0            ; |seven|top:top_inst|game_controller:game_controller_inst                                                                                     ; work         ;
+----------------------------------------------+-------------------+--------------+-------------+--------------+---------+-----------+------+--------------+----------------------------------------------------------------------------------------------------------------------------------------------+--------------+
Note: For table entries with two numbers listed, the numbers in parentheses indicate the number of resources of the given type used by the specific entity alone. The numbers listed outside of parentheses indicate the total resources of the given type used by the specific entity and all of its sub-entities in the hierarchy.


Encoding Type:  One-Hot
+--------------------------------------------------------------------------------------------------------+
; State Machine - |seven|top:top_inst|game_controller:game_controller_inst|game_state                    ;
+----------------------+----------------------+-------------------+--------------------+-----------------+
; Name                 ; game_state.GAME_OVER ; game_state.PAUSED ; game_state.PLAYING ; game_state.IDLE ;
+----------------------+----------------------+-------------------+--------------------+-----------------+
; game_state.IDLE      ; 0                    ; 0                 ; 0                  ; 0               ;
; game_state.PLAYING   ; 0                    ; 0                 ; 1                  ; 1               ;
; game_state.PAUSED    ; 0                    ; 1                 ; 0                  ; 1               ;
; game_state.GAME_OVER ; 1                    ; 0                 ; 0                  ; 1               ;
+----------------------+----------------------+-------------------+--------------------+-----------------+


Encoding Type:  One-Hot
+------------------------------------------------------------------+
; State Machine - |seven|top:top_inst|cpu_core:cpu_core_inst|state ;
+---------------+-------------+---------------+--------------------+
; Name          ; state.FETCH ; state.EXECUTE ; state.DECODE       ;
+---------------+-------------+---------------+--------------------+
; state.FETCH   ; 0           ; 0             ; 0                  ;
; state.DECODE  ; 1           ; 0             ; 1                  ;
; state.EXECUTE ; 1           ; 1             ; 0                  ;
+---------------+-------------+---------------+--------------------+


+----------------------------------------------------------------------------------------------------------------------------------------------------+
; Registers Removed During Synthesis                                                                                                                 ;
+----------------------------------------------------------------------+-----------------------------------------------------------------------------+
; Register name                                                        ; Reason for Removal                                                          ;
+----------------------------------------------------------------------+-----------------------------------------------------------------------------+
; top:top_inst|cpu_core:cpu_core_inst|data_en                          ; Stuck at GND due to stuck port data_in                                      ;
; top:top_inst|game_controller:game_controller_inst|data_en            ; Lost fanout                                                                 ;
; top:top_inst|cpu_core:cpu_core_inst|rd_n                             ; Stuck at GND due to stuck port data_in                                      ;
; top:top_inst|cpu_core:cpu_core_inst|wr_n                             ; Stuck at VCC due to stuck port data_in                                      ;
; top:top_inst|game_controller:game_controller_inst|cpu_data_out[0..7] ; Lost fanout                                                                 ;
; top:top_inst|memory:memory_inst|data_out[0..7]                       ; Lost fanout                                                                 ;
; top:top_inst|memory:memory_inst|data_en                              ; Lost fanout                                                                 ;
; top:top_inst|cpu_core:cpu_core_inst|pc[0..15]                        ; Lost fanout                                                                 ;
; top:top_inst|cpu_core:cpu_core_inst|acc[0..7]                        ; Lost fanout                                                                 ;
; top:top_inst|cpu_core:cpu_core_inst|psw[1..7]                        ; Lost fanout                                                                 ;
; top:top_inst|cpu_core:cpu_core_inst|ir[0]                            ; Lost fanout                                                                 ;
; top:top_inst|cpu_core:cpu_core_inst|psw[0]                           ; Lost fanout                                                                 ;
; top:top_inst|cpu_core:cpu_core_inst|addr[0..15]                      ; Lost fanout                                                                 ;
; top:top_inst|cpu_core:cpu_core_inst|ir_next[0..7]                    ; Lost fanout                                                                 ;
; top:top_inst|cpu_core:cpu_core_inst|ir[1..7]                         ; Lost fanout                                                                 ;
; top:top_inst|game_controller:game_controller_inst|game_score[1..7]   ; Merged with top:top_inst|game_controller:game_controller_inst|game_score[0] ;
; top:top_inst|game_controller:game_controller_inst|game_score[0]      ; Stuck at GND due to stuck port data_in                                      ;
; top:top_inst|game_controller:game_controller_inst|game_state~8       ; Lost fanout                                                                 ;
; top:top_inst|game_controller:game_controller_inst|game_state~9       ; Lost fanout                                                                 ;
; top:top_inst|game_controller:game_controller_inst|game_state~10      ; Lost fanout                                                                 ;
; top:top_inst|clock_gen:clock_gen_inst|clk_cpu                        ; Lost fanout                                                                 ;
; top:top_inst|cpu_core:cpu_core_inst|state.DECODE                     ; Lost fanout                                                                 ;
; top:top_inst|cpu_core:cpu_core_inst|state.EXECUTE                    ; Lost fanout                                                                 ;
; top:top_inst|cpu_core:cpu_core_inst|state.FETCH                      ; Lost fanout                                                                 ;
; Total Number of Removed Registers = 100                              ;                                                                             ;
+----------------------------------------------------------------------+-----------------------------------------------------------------------------+


+---------------------------------------------------------------------------------------------------------------------------------------------------+
; Removed Registers Triggering Further Register Optimizations                                                                                       ;
+--------------------------------------------------+---------------------------+--------------------------------------------------------------------+
; Register name                                    ; Reason for Removal        ; Registers Removed due to This Register                             ;
+--------------------------------------------------+---------------------------+--------------------------------------------------------------------+
; top:top_inst|cpu_core:cpu_core_inst|data_en      ; Stuck at GND              ; top:top_inst|game_controller:game_controller_inst|data_en,         ;
;                                                  ; due to stuck port data_in ; top:top_inst|game_controller:game_controller_inst|cpu_data_out[0], ;
;                                                  ;                           ; top:top_inst|game_controller:game_controller_inst|cpu_data_out[7], ;
;                                                  ;                           ; top:top_inst|game_controller:game_controller_inst|cpu_data_out[6], ;
;                                                  ;                           ; top:top_inst|game_controller:game_controller_inst|cpu_data_out[3], ;
;                                                  ;                           ; top:top_inst|memory:memory_inst|data_out[7],                       ;
;                                                  ;                           ; top:top_inst|memory:memory_inst|data_out[6],                       ;
;                                                  ;                           ; top:top_inst|memory:memory_inst|data_out[5],                       ;
;                                                  ;                           ; top:top_inst|memory:memory_inst|data_en,                           ;
;                                                  ;                           ; top:top_inst|cpu_core:cpu_core_inst|psw[3],                        ;
;                                                  ;                           ; top:top_inst|cpu_core:cpu_core_inst|addr[15],                      ;
;                                                  ;                           ; top:top_inst|cpu_core:cpu_core_inst|addr[14],                      ;
;                                                  ;                           ; top:top_inst|cpu_core:cpu_core_inst|addr[12],                      ;
;                                                  ;                           ; top:top_inst|cpu_core:cpu_core_inst|addr[7],                       ;
;                                                  ;                           ; top:top_inst|cpu_core:cpu_core_inst|addr[6],                       ;
;                                                  ;                           ; top:top_inst|cpu_core:cpu_core_inst|addr[5],                       ;
;                                                  ;                           ; top:top_inst|cpu_core:cpu_core_inst|addr[4],                       ;
;                                                  ;                           ; top:top_inst|cpu_core:cpu_core_inst|addr[3],                       ;
;                                                  ;                           ; top:top_inst|cpu_core:cpu_core_inst|addr[2],                       ;
;                                                  ;                           ; top:top_inst|cpu_core:cpu_core_inst|ir[7],                         ;
;                                                  ;                           ; top:top_inst|game_controller:game_controller_inst|game_score[0],   ;
;                                                  ;                           ; top:top_inst|clock_gen:clock_gen_inst|clk_cpu                      ;
; top:top_inst|cpu_core:cpu_core_inst|rd_n         ; Stuck at GND              ; top:top_inst|game_controller:game_controller_inst|cpu_data_out[5], ;
;                                                  ; due to stuck port data_in ; top:top_inst|game_controller:game_controller_inst|cpu_data_out[4], ;
;                                                  ;                           ; top:top_inst|game_controller:game_controller_inst|cpu_data_out[2], ;
;                                                  ;                           ; top:top_inst|game_controller:game_controller_inst|cpu_data_out[1], ;
;                                                  ;                           ; top:top_inst|cpu_core:cpu_core_inst|addr[13]                       ;
; top:top_inst|cpu_core:cpu_core_inst|wr_n         ; Stuck at VCC              ; top:top_inst|memory:memory_inst|data_out[4]                        ;
;                                                  ; due to stuck port data_in ;                                                                    ;
; top:top_inst|cpu_core:cpu_core_inst|ir[0]        ; Lost Fanouts              ; top:top_inst|cpu_core:cpu_core_inst|ir_next[0]                     ;
; top:top_inst|cpu_core:cpu_core_inst|state.DECODE ; Lost Fanouts              ; top:top_inst|cpu_core:cpu_core_inst|state.FETCH                    ;
+--------------------------------------------------+---------------------------+--------------------------------------------------------------------+


+------------------------------------------------------+
; General Register Statistics                          ;
+----------------------------------------------+-------+
; Statistic                                    ; Value ;
+----------------------------------------------+-------+
; Total registers                              ; 61    ;
; Number of registers using Synchronous Clear  ; 8     ;
; Number of registers using Synchronous Load   ; 8     ;
; Number of registers using Asynchronous Clear ; 61    ;
; Number of registers using Asynchronous Load  ; 0     ;
; Number of registers using Clock Enable       ; 24    ;
; Number of registers using Preset             ; 0     ;
+----------------------------------------------+-------+


+----------------------------------------------------------------------------------------------------------------------------------------------------------------------------------------+
; Multiplexer Restructuring Statistics (Restructuring Performed)                                                                                                                         ;
+--------------------+-----------+---------------+----------------------+------------------------+------------+--------------------------------------------------------------------------+
; Multiplexer Inputs ; Bus Width ; Baseline Area ; Area if Restructured ; Saving if Restructured ; Registered ; Example Multiplexer Output                                               ;
+--------------------+-----------+---------------+----------------------+------------------------+------------+--------------------------------------------------------------------------+
; 5:1                ; 8 bits    ; 24 LEs        ; 8 LEs                ; 16 LEs                 ; Yes        ; |seven|top:top_inst|game_controller:game_controller_inst|obstacle_pos[7] ;
; 8:1                ; 8 bits    ; 40 LEs        ; 16 LEs               ; 24 LEs                 ; Yes        ; |seven|top:top_inst|game_controller:game_controller_inst|player_pos[6]   ;
; 5:1                ; 4 bits    ; 12 LEs        ; 4 LEs                ; 8 LEs                  ; No         ; |seven|top:top_inst|game_controller:game_controller_inst|ShiftLeft0      ;
; 5:1                ; 4 bits    ; 12 LEs        ; 4 LEs                ; 8 LEs                  ; No         ; |seven|top:top_inst|game_controller:game_controller_inst|ShiftLeft0      ;
; 5:1                ; 4 bits    ; 12 LEs        ; 4 LEs                ; 8 LEs                  ; No         ; |seven|top:top_inst|game_controller:game_controller_inst|ShiftLeft1      ;
; 5:1                ; 4 bits    ; 12 LEs        ; 4 LEs                ; 8 LEs                  ; No         ; |seven|top:top_inst|game_controller:game_controller_inst|ShiftLeft1      ;
; 7:1                ; 4 bits    ; 16 LEs        ; 8 LEs                ; 8 LEs                  ; No         ; |seven|top:top_inst|game_controller:game_controller_inst|Selector1       ;
+--------------------+-----------+---------------+----------------------+------------------------+------------+--------------------------------------------------------------------------+


+------------------------------------------------------------------------------------+
; Parameter Settings for User Entity Instance: top:top_inst|clock_gen:clock_gen_inst ;
+-----------------+-----------+------------------------------------------------------+
; Parameter Name  ; Value     ; Type                                                 ;
+-----------------+-----------+------------------------------------------------------+
; CPU_CLK_DIV     ; 50000000  ; Signed Integer                                       ;
; GAME_CLK_DIV    ; 100000000 ; Signed Integer                                       ;
; DISPLAY_CLK_DIV ; 25000000  ; Signed Integer                                       ;
+-----------------+-----------+------------------------------------------------------+
Note: In order to hide this table in the UI and the text report file, please set the "Show Parameter Settings in Synthesis Report" option in "Analysis and Synthesis Settings -> More Settings" to "Off".


+--------------------------------------------------------------------------------------------------------+
; Parameter Settings for Inferred Entity Instance: top:top_inst|clock_gen:clock_gen_inst|lpm_divide:Mod1 ;
+------------------------+----------------+--------------------------------------------------------------+
; Parameter Name         ; Value          ; Type                                                         ;
+------------------------+----------------+--------------------------------------------------------------+
; LPM_WIDTHN             ; 32             ; Untyped                                                      ;
; LPM_WIDTHD             ; 27             ; Untyped                                                      ;
; LPM_NREPRESENTATION    ; UNSIGNED       ; Untyped                                                      ;
; LPM_DREPRESENTATION    ; UNSIGNED       ; Untyped                                                      ;
; LPM_PIPELINE           ; 0              ; Untyped                                                      ;
; LPM_REMAINDERPOSITIVE  ; TRUE           ; Untyped                                                      ;
; MAXIMIZE_SPEED         ; 5              ; Untyped                                                      ;
; CBXI_PARAMETER         ; lpm_divide_ocm ; Untyped                                                      ;
; CARRY_CHAIN            ; MANUAL         ; Untyped                                                      ;
; OPTIMIZE_FOR_SPEED     ; 5              ; Untyped                                                      ;
; AUTO_CARRY_CHAINS      ; ON             ; AUTO_CARRY                                                   ;
; IGNORE_CARRY_BUFFERS   ; OFF            ; IGNORE_CARRY                                                 ;
; AUTO_CASCADE_CHAINS    ; ON             ; AUTO_CASCADE                                                 ;
; IGNORE_CASCADE_BUFFERS ; OFF            ; IGNORE_CASCADE                                               ;
+------------------------+----------------+--------------------------------------------------------------+
Note: In order to hide this table in the UI and the text report file, please set the "Show Parameter Settings in Synthesis Report" option in "Analysis and Synthesis Settings -> More Settings" to "Off".


+-----------------------------------------------------------------+
; Port Connectivity Checks: "top:top_inst|cpu_core:cpu_core_inst" ;
+-------------+--------+----------+-------------------------------+
; Port        ; Type   ; Severity ; Details                       ;
+-------------+--------+----------+-------------------------------+
; game_status ; Output ; Info     ; Explicitly unconnected        ;
; game_input  ; Input  ; Info     ; Explicitly unconnected        ;
+-------------+--------+----------+-------------------------------+


+-----------------------------------------------------------------------------------------------------------------------+
; Port Connectivity Checks: "top:top_inst|clock_gen:clock_gen_inst"                                                     ;
+-------------+--------+----------+-------------------------------------------------------------------------------------+
; Port        ; Type   ; Severity ; Details                                                                             ;
+-------------+--------+----------+-------------------------------------------------------------------------------------+
; clk_display ; Output ; Info     ; Connected to dangling logic. Logic that only feeds a dangling port will be removed. ;
+-------------+--------+----------+-------------------------------------------------------------------------------------+


+-------------------------------+
; Elapsed Time Per Partition    ;
+----------------+--------------+
; Partition Name ; Elapsed Time ;
+----------------+--------------+
; Top            ; 00:00:01     ;
+----------------+--------------+


+-------------------------------+
; Analysis & Synthesis Messages ;
+-------------------------------+
Info: *******************************************************************
Info: Running Quartus II 64-Bit Analysis & Synthesis
    Info: Version 13.1.0 Build 162 10/23/2013 SJ Full Version
    Info: Processing started: Thu Mar 13 16:56:08 2025
Info: Command: quartus_map --read_settings_files=on --write_settings_files=off seven -c seven
Info (11104): Parallel Compilation has detected 20 hyper-threaded processors. However, the extra hyper-threaded processors will not be used by default. Parallel Compilation will use 14 of the 14 physical processors detected instead.
Info (12021): Found 1 design units, including 1 entities, in source file seven.v
    Info (12023): Found entity 1: seven
Info (12021): Found 1 design units, including 1 entities, in source file rtl/top.v
    Info (12023): Found entity 1: top
Info (12021): Found 1 design units, including 1 entities, in source file rtl/cpu/cpu_core.v
    Info (12023): Found entity 1: cpu_core
Info (12021): Found 1 design units, including 1 entities, in source file rtl/clock/clock_gen.v
    Info (12023): Found entity 1: clock_gen
Info (12021): Found 1 design units, including 1 entities, in source file rtl/memory/memory.v
    Info (12023): Found entity 1: memory
Info (12021): Found 1 design units, including 1 entities, in source file rtl/game/game_controller.v
    Info (12023): Found entity 1: game_controller
Info (12127): Elaborating entity "seven" for the top level hierarchy
Info (12128): Elaborating entity "top" for hierarchy "top:top_inst"
Info (12128): Elaborating entity "clock_gen" for hierarchy "top:top_inst|clock_gen:clock_gen_inst"
Info (12128): Elaborating entity "cpu_core" for hierarchy "top:top_inst|cpu_core:cpu_core_inst"
Warning (10036): Verilog HDL or VHDL warning at cpu_core.v(18): object "b" assigned a value but never read
Warning (10036): Verilog HDL or VHDL warning at cpu_core.v(21): object "sp" assigned a value but never read
Warning (10036): Verilog HDL or VHDL warning at cpu_core.v(22): object "dptr" assigned a value but never read
Warning (10036): Verilog HDL or VHDL warning at cpu_core.v(35): object "clk_div" assigned a value but never read
Warning (10230): Verilog HDL assignment warning at cpu_core.v(58): truncated value with size 32 to match size of target (16)
Warning (10230): Verilog HDL assignment warning at cpu_core.v(73): truncated value with size 32 to match size of target (16)
Warning (10230): Verilog HDL assignment warning at cpu_core.v(101): truncated value with size 32 to match size of target (16)
Warning (10230): Verilog HDL assignment warning at cpu_core.v(108): truncated value with size 32 to match size of target (16)
Warning (10230): Verilog HDL assignment warning at cpu_core.v(113): truncated value with size 32 to match size of target (16)
Warning (10230): Verilog HDL assignment warning at cpu_core.v(118): truncated value with size 32 to match size of target (16)
Warning (10230): Verilog HDL assignment warning at cpu_core.v(122): truncated value with size 32 to match size of target (16)
Warning (10034): Output port "data_out" at cpu_core.v(6) has no driver
Warning (10034): Output port "game_status" at cpu_core.v(12) has no driver
Info (12128): Elaborating entity "memory" for hierarchy "top:top_inst|memory:memory_inst"
Warning (10030): Net "rom.data_a" at memory.v(17) has no driver or initial value, using a default initial value '0'
Warning (10030): Net "rom.waddr_a" at memory.v(17) has no driver or initial value, using a default initial value '0'
Warning (10030): Net "rom.we_a" at memory.v(17) has no driver or initial value, using a default initial value '0'
Info (12128): Elaborating entity "game_controller" for hierarchy "top:top_inst|game_controller:game_controller_inst"
Warning (10230): Verilog HDL assignment warning at game_controller.v(47): truncated value with size 32 to match size of target (8)
Warning (10230): Verilog HDL assignment warning at game_controller.v(51): truncated value with size 32 to match size of target (8)
Warning (10230): Verilog HDL assignment warning at game_controller.v(53): truncated value with size 32 to match size of target (8)
Warning (10230): Verilog HDL assignment warning at game_controller.v(56): truncated value with size 32 to match size of target (8)
Warning (10230): Verilog HDL assignment warning at game_controller.v(63): truncated value with size 32 to match size of target (8)
Warning (13046): Tri-state node(s) do not directly drive top-level pin(s)
    Warning (13049): Converted tri-state buffer "top:top_inst|data_bus[0]" feeding internal logic into a wire
    Warning (13049): Converted tri-state buffer "top:top_inst|data_bus[1]" feeding internal logic into a wire
    Warning (13049): Converted tri-state buffer "top:top_inst|data_bus[2]" feeding internal logic into a wire
    Warning (13049): Converted tri-state buffer "top:top_inst|data_bus[3]" feeding internal logic into a wire
    Warning (13049): Converted tri-state buffer "top:top_inst|data_bus[4]" feeding internal logic into a wire
    Warning (13049): Converted tri-state buffer "top:top_inst|data_bus[5]" feeding internal logic into a wire
    Warning (13049): Converted tri-state buffer "top:top_inst|data_bus[6]" feeding internal logic into a wire
    Warning (13049): Converted tri-state buffer "top:top_inst|data_bus[7]" feeding internal logic into a wire
Info (278001): Inferred 1 megafunctions from design logic
    Info (278004): Inferred divider/modulo megafunction ("lpm_divide") from the following logic: "top:top_inst|clock_gen:clock_gen_inst|Mod1"
Info (12130): Elaborated megafunction instantiation "top:top_inst|clock_gen:clock_gen_inst|lpm_divide:Mod1"
Info (12133): Instantiated megafunction "top:top_inst|clock_gen:clock_gen_inst|lpm_divide:Mod1" with the following parameter:
    Info (12134): Parameter "LPM_WIDTHN" = "32"
    Info (12134): Parameter "LPM_WIDTHD" = "27"
    Info (12134): Parameter "LPM_NREPRESENTATION" = "UNSIGNED"
    Info (12134): Parameter "LPM_DREPRESENTATION" = "UNSIGNED"
Info (12021): Found 1 design units, including 1 entities, in source file db/lpm_divide_ocm.tdf
    Info (12023): Found entity 1: lpm_divide_ocm
Info (12021): Found 1 design units, including 1 entities, in source file db/sign_div_unsign_dnh.tdf
    Info (12023): Found entity 1: sign_div_unsign_dnh
Info (12021): Found 1 design units, including 1 entities, in source file db/alt_u_div_eaf.tdf
    Info (12023): Found entity 1: alt_u_div_eaf
Info (12021): Found 1 design units, including 1 entities, in source file db/add_sub_7pc.tdf
    Info (12023): Found entity 1: add_sub_7pc
Info (12021): Found 1 design units, including 1 entities, in source file db/add_sub_8pc.tdf
    Info (12023): Found entity 1: add_sub_8pc
Warning (13024): Output pins are stuck at VCC or GND
    Warning (13410): Pin "game_score[0]" is stuck at GND
    Warning (13410): Pin "game_score[1]" is stuck at GND
    Warning (13410): Pin "game_score[2]" is stuck at GND
    Warning (13410): Pin "game_score[3]" is stuck at GND
    Warning (13410): Pin "game_score[4]" is stuck at GND
    Warning (13410): Pin "game_score[5]" is stuck at GND
    Warning (13410): Pin "game_score[6]" is stuck at GND
    Warning (13410): Pin "game_score[7]" is stuck at GND
Info (286030): Timing-Driven Synthesis is running
Info (17049): 89 registers lost all their fanouts during netlist optimizations.
Info (16010): Generating hard_block partition "hard_block:auto_generated_inst"
    Info (16011): Adding 0 node(s), including 0 DDIO, 0 PLL, 0 transceiver and 0 LCELL
Info (21057): Implemented 566 device resources after synthesis - the final resource count might be different
    Info (21058): Implemented 6 input pins
    Info (21059): Implemented 16 output pins
    Info (21061): Implemented 544 logic cells
Info: Quartus II 64-Bit Analysis & Synthesis was successful. 0 errors, 39 warnings
    Info: Peak virtual memory: 4702 megabytes
    Info: Processing ended: Thu Mar 13 16:56:10 2025
    Info: Elapsed time: 00:00:02
    Info: Total CPU time (on all processors): 00:00:01


