Flow report for fif0_
Sun May 26 11:49:04 2024
Quartus II 64-Bit Version 13.1.0 Build 162 10/23/2013 SJ Full Version


---------------------
; Table of Contents ;
---------------------
  1. Legal Notice
  2. Flow Summary
  3. Flow Settings
  4. Flow Non-Default Global Settings
  5. Flow Elapsed Time
  6. Flow OS Summary
  7. Flow Log
  8. Flow Messages
  9. Flow Suppressed Messages



----------------
; Legal Notice ;
----------------
Copyright (C) 1991-2013 Altera Corporation
Your use of Altera Corporation's design tools, logic functions 
and other software and tools, and its AMPP partner logic 
functions, and any output files from any of the foregoing 
(including device programming or simulation files), and any 
associated documentation or information are expressly subject 
to the terms and conditions of the Altera Program License 
Subscription Agreement, Altera MegaCore Function License 
Agreement, or other applicable license agreement, including, 
without limitation, that your use is for the sole purpose of 
programming logic devices manufactured by Altera and sold by 
Altera or its authorized distributors.  Please refer to the 
applicable agreement for further details.



+----------------------------------------------------------------------------------+
; Flow Summary                                                                     ;
+------------------------------------+---------------------------------------------+
; Flow Status                        ; Successful - Sun May 26 11:49:04 2024       ;
; Quartus II 64-Bit Version          ; 13.1.0 Build 162 10/23/2013 SJ Full Version ;
; Revision Name                      ; fif0_                                       ;
; Top-level Entity Name              ; fif0_                                       ;
; Family                             ; Cyclone IV GX                               ;
; Total logic elements               ; 40 / 14,400 ( < 1 % )                       ;
;     Total combinational functions  ; 40 / 14,400 ( < 1 % )                       ;
;     Dedicated logic registers      ; 33 / 14,400 ( < 1 % )                       ;
; Total registers                    ; 33                                          ;
; Total pins                         ; 22 / 81 ( 27 % )                            ;
; Total virtual pins                 ; 0                                           ;
; Total memory bits                  ; 2,048 / 552,960 ( < 1 % )                   ;
; Embedded Multiplier 9-bit elements ; 0                                           ;
; Total GXB Receiver Channel PCS     ; 0 / 2 ( 0 % )                               ;
; Total GXB Receiver Channel PMA     ; 0 / 2 ( 0 % )                               ;
; Total GXB Transmitter Channel PCS  ; 0 / 2 ( 0 % )                               ;
; Total GXB Transmitter Channel PMA  ; 0 / 2 ( 0 % )                               ;
; Total PLLs                         ; 0 / 3 ( 0 % )                               ;
; Device                             ; EP4CGX15BF14C6                              ;
; Timing Models                      ; Final                                       ;
+------------------------------------+---------------------------------------------+


+-----------------------------------------+
; Flow Settings                           ;
+-------------------+---------------------+
; Option            ; Setting             ;
+-------------------+---------------------+
; Start date & time ; 05/26/2024 10:53:02 ;
; Main task         ; Compilation         ;
; Revision Name     ; fif0_               ;
+-------------------+---------------------+


+-------------------------------------------------------------------------------------------------------------------------------+
; Flow Non-Default Global Settings                                                                                              ;
+-------------------------------------+------------------------------------------+---------------+-------------+----------------+
; Assignment Name                     ; Value                                    ; Default Value ; Entity Name ; Section Id     ;
+-------------------------------------+------------------------------------------+---------------+-------------+----------------+
; COMPILER_SIGNATURE_ID               ; 118902013861338.171669198208496          ; --            ; --          ; --             ;
; EDA_GENERATE_FUNCTIONAL_NETLIST     ; On                                       ; --            ; --          ; eda_simulation ;
; EDA_NETLIST_WRITER_OUTPUT_DIR       ; D:/QUARTUSDATA/project5/simulation/qsim/ ; --            ; --          ; eda_simulation ;
; EDA_OUTPUT_DATA_FORMAT              ; Verilog Hdl                              ; --            ; --          ; eda_simulation ;
; EDA_SIMULATION_TOOL                 ; ModelSim-Altera (Verilog)                ; <None>        ; --          ; --             ;
; IP_TOOL_NAME                        ; RAM: 1-PORT                              ; --            ; --          ; --             ;
; IP_TOOL_VERSION                     ; 13.1                                     ; --            ; --          ; --             ;
; MISC_FILE                           ; myram_bb.v                               ; --            ; --          ; --             ;
; PARTITION_COLOR                     ; 16764057                                 ; --            ; --          ; Top            ;
; PARTITION_FITTER_PRESERVATION_LEVEL ; PLACEMENT_AND_ROUTING                    ; --            ; --          ; Top            ;
; PARTITION_NETLIST_TYPE              ; SOURCE                                   ; --            ; --          ; Top            ;
; PROJECT_OUTPUT_DIRECTORY            ; output_files                             ; --            ; --          ; --             ;
+-------------------------------------+------------------------------------------+---------------+-------------+----------------+


+-------------------------------------------------------------------------------------------------------------------------------+
; Flow Elapsed Time                                                                                                             ;
+---------------------------+--------------+-------------------------+---------------------+------------------------------------+
; Module Name               ; Elapsed Time ; Average Processors Used ; Peak Virtual Memory ; Total CPU Time (on all processors) ;
+---------------------------+--------------+-------------------------+---------------------+------------------------------------+
; Analysis & Synthesis      ; 00:00:01     ; 1.0                     ; 4727 MB             ; 00:00:00                           ;
; Fitter                    ; 00:00:05     ; 4.3                     ; 6084 MB             ; 00:00:02                           ;
; Assembler                 ; 00:00:01     ; 1.0                     ; 4647 MB             ; 00:00:01                           ;
; TimeQuest Timing Analyzer ; 00:00:02     ; 1.0                     ; 4761 MB             ; 00:00:01                           ;
; EDA Netlist Writer        ; 00:00:00     ; 1.0                     ; 4597 MB             ; 00:00:00                           ;
; EDA Netlist Writer        ; 00:00:00     ; 1.0                     ; 4610 MB             ; 00:00:00                           ;
; EDA Netlist Writer        ; 00:00:00     ; 1.0                     ; 4610 MB             ; 00:00:00                           ;
; EDA Netlist Writer        ; 00:00:00     ; 1.0                     ; 4610 MB             ; 00:00:00                           ;
; EDA Netlist Writer        ; 00:00:00     ; 1.0                     ; 4610 MB             ; 00:00:00                           ;
; EDA Netlist Writer        ; 00:00:00     ; 1.0                     ; 4610 MB             ; 00:00:00                           ;
; EDA Netlist Writer        ; 00:00:00     ; 1.0                     ; 4610 MB             ; 00:00:00                           ;
; EDA Netlist Writer        ; 00:00:01     ; 1.0                     ; 4610 MB             ; 00:00:00                           ;
; EDA Netlist Writer        ; 00:00:01     ; 1.0                     ; 4610 MB             ; 00:00:00                           ;
; EDA Netlist Writer        ; 00:00:01     ; 1.0                     ; 4610 MB             ; 00:00:00                           ;
; EDA Netlist Writer        ; 00:00:00     ; 1.0                     ; 4610 MB             ; 00:00:00                           ;
; EDA Netlist Writer        ; 00:00:01     ; 1.0                     ; 4610 MB             ; 00:00:00                           ;
; EDA Netlist Writer        ; 00:00:01     ; 1.0                     ; 4610 MB             ; 00:00:00                           ;
; EDA Netlist Writer        ; 00:00:01     ; 1.0                     ; 4610 MB             ; 00:00:00                           ;
; EDA Netlist Writer        ; 00:00:00     ; 1.0                     ; 4610 MB             ; 00:00:00                           ;
; Total                     ; 00:00:15     ; --                      ; --                  ; 00:00:04                           ;
+---------------------------+--------------+-------------------------+---------------------+------------------------------------+


+----------------------------------------------------------------------------------------+
; Flow OS Summary                                                                        ;
+---------------------------+------------------+-----------+------------+----------------+
; Module Name               ; Machine Hostname ; OS Name   ; OS Version ; Processor type ;
+---------------------------+------------------+-----------+------------+----------------+
; Analysis & Synthesis      ; LAPTOP-S290MH3H  ; Windows 7 ; 6.2        ; x86_64         ;
; Fitter                    ; LAPTOP-S290MH3H  ; Windows 7 ; 6.2        ; x86_64         ;
; Assembler                 ; LAPTOP-S290MH3H  ; Windows 7 ; 6.2        ; x86_64         ;
; TimeQuest Timing Analyzer ; LAPTOP-S290MH3H  ; Windows 7 ; 6.2        ; x86_64         ;
; EDA Netlist Writer        ; LAPTOP-S290MH3H  ; Windows 7 ; 6.2        ; x86_64         ;
; EDA Netlist Writer        ; LAPTOP-S290MH3H  ; Windows 7 ; 6.2        ; x86_64         ;
; EDA Netlist Writer        ; LAPTOP-S290MH3H  ; Windows 7 ; 6.2        ; x86_64         ;
; EDA Netlist Writer        ; LAPTOP-S290MH3H  ; Windows 7 ; 6.2        ; x86_64         ;
; EDA Netlist Writer        ; LAPTOP-S290MH3H  ; Windows 7 ; 6.2        ; x86_64         ;
; EDA Netlist Writer        ; LAPTOP-S290MH3H  ; Windows 7 ; 6.2        ; x86_64         ;
; EDA Netlist Writer        ; LAPTOP-S290MH3H  ; Windows 7 ; 6.2        ; x86_64         ;
; EDA Netlist Writer        ; LAPTOP-S290MH3H  ; Windows 7 ; 6.2        ; x86_64         ;
; EDA Netlist Writer        ; LAPTOP-S290MH3H  ; Windows 7 ; 6.2        ; x86_64         ;
; EDA Netlist Writer        ; LAPTOP-S290MH3H  ; Windows 7 ; 6.2        ; x86_64         ;
; EDA Netlist Writer        ; LAPTOP-S290MH3H  ; Windows 7 ; 6.2        ; x86_64         ;
; EDA Netlist Writer        ; LAPTOP-S290MH3H  ; Windows 7 ; 6.2        ; x86_64         ;
; EDA Netlist Writer        ; LAPTOP-S290MH3H  ; Windows 7 ; 6.2        ; x86_64         ;
; EDA Netlist Writer        ; LAPTOP-S290MH3H  ; Windows 7 ; 6.2        ; x86_64         ;
; EDA Netlist Writer        ; LAPTOP-S290MH3H  ; Windows 7 ; 6.2        ; x86_64         ;
+---------------------------+------------------+-----------+------------+----------------+


------------
; Flow Log ;
------------
quartus_map --read_settings_files=on --write_settings_files=off fif0_ -c fif0_
quartus_fit --read_settings_files=off --write_settings_files=off fif0_ -c fif0_
quartus_asm --read_settings_files=off --write_settings_files=off fif0_ -c fif0_
quartus_sta fif0_ -c fif0_
quartus_eda --read_settings_files=off --write_settings_files=off fif0_ -c fif0_
quartus_eda --gen_testbench --check_outputs=on --tool=modelsim_oem --format=verilog fif0_ -c fif0_ --vector_source=D:/QUARTUSDATA/project5/Waveform7.vwf --testbench_file=D:/QUARTUSDATA/project5/simulation/qsim/Waveform7.vwf.vt
quartus_eda --functional=on --flatten_buses=off --simulation=on --tool=modelsim_oem --format=verilog --output_directory=D:/QUARTUSDATA/project5/simulation/qsim/ fif0_ -c fif0_
quartus_eda --gen_testbench --check_outputs=on --tool=modelsim_oem --format=verilog fif0_ -c fif0_ --vector_source=D:/QUARTUSDATA/project5/Waveform7.vwf --testbench_file=D:/QUARTUSDATA/project5/simulation/qsim/Waveform7.vwf.vt
quartus_eda --functional=on --flatten_buses=off --simulation=on --tool=modelsim_oem --format=verilog --output_directory=D:/QUARTUSDATA/project5/simulation/qsim/ fif0_ -c fif0_
quartus_eda --gen_testbench --check_outputs=on --tool=modelsim_oem --format=verilog fif0_ -c fif0_ --vector_source=D:/QUARTUSDATA/project5/Waveform7.vwf --testbench_file=D:/QUARTUSDATA/project5/simulation/qsim/Waveform7.vwf.vt
quartus_eda --functional=on --flatten_buses=off --simulation=on --tool=modelsim_oem --format=verilog --output_directory=D:/QUARTUSDATA/project5/simulation/qsim/ fif0_ -c fif0_
quartus_eda --gen_testbench --check_outputs=on --tool=modelsim_oem --format=verilog fif0_ -c fif0_ --vector_source=D:/QUARTUSDATA/project5/Waveform7.vwf --testbench_file=D:/QUARTUSDATA/project5/simulation/qsim/Waveform7.vwf.vt
quartus_eda --functional=on --flatten_buses=off --simulation=on --tool=modelsim_oem --format=verilog --output_directory=D:/QUARTUSDATA/project5/simulation/qsim/ fif0_ -c fif0_
quartus_eda --gen_testbench --check_outputs=on --tool=modelsim_oem --format=verilog fif0_ -c fif0_ --vector_source=D:/QUARTUSDATA/project5/Waveform7.vwf --testbench_file=D:/QUARTUSDATA/project5/simulation/qsim/Waveform7.vwf.vt
quartus_eda --functional=on --flatten_buses=off --simulation=on --tool=modelsim_oem --format=verilog --output_directory=D:/QUARTUSDATA/project5/simulation/qsim/ fif0_ -c fif0_
quartus_eda --gen_testbench --check_outputs=on --tool=modelsim_oem --format=verilog fif0_ -c fif0_ --vector_source=D:/QUARTUSDATA/project5/Waveform7.vwf --testbench_file=D:/QUARTUSDATA/project5/simulation/qsim/Waveform7.vwf.vt
quartus_eda --functional=on --flatten_buses=off --simulation=on --tool=modelsim_oem --format=verilog --output_directory=D:/QUARTUSDATA/project5/simulation/qsim/ fif0_ -c fif0_
quartus_eda --gen_testbench --check_outputs=on --tool=modelsim_oem --format=verilog fif0_ -c fif0_ --vector_source=D:/QUARTUSDATA/project5/Waveform7.vwf --testbench_file=D:/QUARTUSDATA/project5/simulation/qsim/Waveform7.vwf.vt
quartus_eda --functional=on --flatten_buses=off --simulation=on --tool=modelsim_oem --format=verilog --output_directory=D:/QUARTUSDATA/project5/simulation/qsim/ fif0_ -c fif0_



