Flow report for MCU8951
Tue Dec 29 23:29:10 2020
Quartus II Version 9.0 Build 235 06/17/2009 Service Pack 2 SJ Web Edition


---------------------
; Table of Contents ;
---------------------
  1. Legal Notice
  2. Flow Summary
  3. Flow Settings
  4. Flow Non-Default Global Settings
  5. Flow Elapsed Time
  6. Flow OS Summary
  7. Flow Log



----------------
; Legal Notice ;
----------------
Copyright (C) 1991-2009 Altera Corporation
Your use of Altera Corporation's design tools, logic functions 
and other software and tools, and its AMPP partner logic 
functions, and any output files from any of the foregoing 
(including device programming or simulation files), and any 
associated documentation or information are expressly subject 
to the terms and conditions of the Altera Program License 
Subscription Agreement, Altera MegaCore Function License 
Agreement, or other applicable license agreement, including, 
without limitation, that your use is for the sole purpose of 
programming logic devices manufactured by Altera and sold by 
Altera or its authorized distributors.  Please refer to the 
applicable agreement for further details.



+-----------------------------------------------------------------------------------+
; Flow Summary                                                                      ;
+------------------------------------+----------------------------------------------+
; Flow Status                        ; Successful - Tue Dec 29 23:29:00 2020        ;
; Quartus II Version                 ; 9.0 Build 235 06/17/2009 SP 2 SJ Web Edition ;
; Revision Name                      ; MCU8951                                      ;
; Top-level Entity Name              ; MCU8951                                      ;
; Family                             ; Cyclone III                                  ;
; Device                             ; EP3C16F484C6                                 ;
; Timing Models                      ; Final                                        ;
; Met timing requirements            ; N/A                                          ;
; Total logic elements               ; 1,927 / 15,408 ( 13 % )                      ;
;     Total combinational functions  ; 1,870 / 15,408 ( 12 % )                      ;
;     Dedicated logic registers      ; 697 / 15,408 ( 5 % )                         ;
; Total registers                    ; 697                                          ;
; Total pins                         ; 52 / 347 ( 15 % )                            ;
; Total virtual pins                 ; 0                                            ;
; Total memory bits                  ; 34,816 / 516,096 ( 7 % )                     ;
; Embedded Multiplier 9-bit elements ; 0 / 112 ( 0 % )                              ;
; Total PLLs                         ; 1 / 4 ( 25 % )                               ;
+------------------------------------+----------------------------------------------+


+-----------------------------------------+
; Flow Settings                           ;
+-------------------+---------------------+
; Option            ; Setting             ;
+-------------------+---------------------+
; Start date & time ; 12/29/2020 23:28:18 ;
; Main task         ; Compilation         ;
; Revision Name     ; MCU8951             ;
+-------------------+---------------------+


+-------------------------------------------------------------------------------------------------------------------------------------------------+
; Flow Non-Default Global Settings                                                                                                                ;
+-----------------------------+------------------------------------------------------------------------+---------------+-------------+------------+
; Assignment Name             ; Value                                                                  ; Default Value ; Entity Name ; Section Id ;
+-----------------------------+------------------------------------------------------------------------+---------------+-------------+------------+
; COMPILER_SIGNATURE_ID       ; 22331865535086.160925569709516                                         ; --            ; --          ; --         ;
; ENABLE_SIGNALTAP            ; On                                                                     ; --            ; --          ; --         ;
; FITTER_EFFORT               ; Standard Fit                                                           ; Auto Fit      ; --          ; --         ;
; IP_TOOL_NAME                ; LPM_ROM                                                                ; --            ; --          ; --         ;
; IP_TOOL_VERSION             ; 9.0                                                                    ; --            ; --          ; --         ;
; MAX_CORE_JUNCTION_TEMP      ; 85                                                                     ; --            ; --          ; --         ;
; MIN_CORE_JUNCTION_TEMP      ; 0                                                                      ; --            ; --          ; --         ;
; MISC_FILE                   ; E:/xian_TRAFFIC/motor90/MCU8951.dpf                                    ; --            ; --          ; --         ;
; MISC_FILE                   ; C:/Users/xjtuse/Desktop/æ¿¤ÞÔí/51òúòƒâ»¿Ê°ä/motor90 - ¡ÝÝƒ/MCU8951.dpf ; --            ; --          ; --         ;
; MISC_FILE                   ; C:/Users/xjtuse/Desktop/æ¿¤ÞÔí/51òúòƒâ»¿Ê°ä/motor90/MCU8951.dpf        ; --            ; --          ; --         ;
; MISC_FILE                   ; lpm_rom0.bsf                                                           ; --            ; --          ; --         ;
; MISC_FILE                   ; C:/Users/xjtuse/Desktop/æ¿¤ÞÔí/running/MCU8951.dpf                     ; --            ; --          ; --         ;
; NOMINAL_CORE_SUPPLY_VOLTAGE ; 1.2V                                                                   ; --            ; --          ; --         ;
; USE_SIGNALTAP_FILE          ; ASM/stp1.stp                                                           ; --            ; --          ; --         ;
+-----------------------------+------------------------------------------------------------------------+---------------+-------------+------------+


+-------------------------------------------------------------------------------------------------------------------------------+
; Flow Elapsed Time                                                                                                             ;
+---------------------------+--------------+-------------------------+---------------------+------------------------------------+
; Module Name               ; Elapsed Time ; Average Processors Used ; Peak Virtual Memory ; Total CPU Time (on all processors) ;
+---------------------------+--------------+-------------------------+---------------------+------------------------------------+
; Analysis & Synthesis      ; 00:00:12     ; 1.0                     ; 272 MB              ; 00:00:11                           ;
; Fitter                    ; 00:00:22     ; 1.0                     ; 368 MB              ; 00:00:21                           ;
; Assembler                 ; 00:00:03     ; 1.0                     ; 249 MB              ; 00:00:03                           ;
; TimeQuest Timing Analyzer ; 00:00:07     ; 1.0                     ; 273 MB              ; 00:00:06                           ;
; Total                     ; 00:00:44     ; --                      ; --                  ; 00:00:41                           ;
+---------------------------+--------------+-------------------------+---------------------+------------------------------------+


+--------------------------------------------------------------------------------------------+
; Flow OS Summary                                                                            ;
+---------------------------+------------------+---------------+------------+----------------+
; Module Name               ; Machine Hostname ; OS Name       ; OS Version ; Processor type ;
+---------------------------+------------------+---------------+------------+----------------+
; Analysis & Synthesis      ; DESKTOP-73K4U3K  ; Windows Vista ; 6.2        ; x86_64         ;
; Fitter                    ; DESKTOP-73K4U3K  ; Windows Vista ; 6.2        ; x86_64         ;
; Assembler                 ; DESKTOP-73K4U3K  ; Windows Vista ; 6.2        ; x86_64         ;
; TimeQuest Timing Analyzer ; DESKTOP-73K4U3K  ; Windows Vista ; 6.2        ; x86_64         ;
+---------------------------+------------------+---------------+------------+----------------+


------------
; Flow Log ;
------------
quartus_map --read_settings_files=on --write_settings_files=off MCU8951 -c MCU8951
quartus_fit --read_settings_files=off --write_settings_files=off MCU8951 -c MCU8951
quartus_asm --read_settings_files=off --write_settings_files=off MCU8951 -c MCU8951
quartus_sta MCU8951 -c MCU8951



