Flow report for Lab6
Sun Mar 16 19:44:59 2025
Quartus II 64-Bit Version 13.1.0 Build 162 10/23/2013 SJ Full Version


---------------------
; Table of Contents ;
---------------------
  1. Legal Notice
  2. Flow Summary
  3. Flow Settings
  4. Flow Non-Default Global Settings
  5. Flow Elapsed Time
  6. Flow OS Summary
  7. Flow Log
  8. Flow Messages
  9. Flow Suppressed Messages



----------------
; Legal Notice ;
----------------
Copyright (C) 1991-2013 Altera Corporation
Your use of Altera Corporation's design tools, logic functions 
and other software and tools, and its AMPP partner logic 
functions, and any output files from any of the foregoing 
(including device programming or simulation files), and any 
associated documentation or information are expressly subject 
to the terms and conditions of the Altera Program License 
Subscription Agreement, Altera MegaCore Function License 
Agreement, or other applicable license agreement, including, 
without limitation, that your use is for the sole purpose of 
programming logic devices manufactured by Altera and sold by 
Altera or its authorized distributors.  Please refer to the 
applicable agreement for further details.



+----------------------------------------------------------------------------------+
; Flow Summary                                                                     ;
+------------------------------------+---------------------------------------------+
; Flow Status                        ; Successful - Sun Mar 16 19:44:59 2025       ;
; Quartus II 64-Bit Version          ; 13.1.0 Build 162 10/23/2013 SJ Full Version ;
; Revision Name                      ; Lab6                                        ;
; Top-level Entity Name              ; Lab6                                        ;
; Family                             ; Cyclone IV E                                ;
; Device                             ; EP4CE6E22C8                                 ;
; Timing Models                      ; Final                                       ;
; Total logic elements               ; 1,001 / 6,272 ( 16 % )                      ;
;     Total combinational functions  ; 980 / 6,272 ( 16 % )                        ;
;     Dedicated logic registers      ; 208 / 6,272 ( 3 % )                         ;
; Total registers                    ; 208                                         ;
; Total pins                         ; 29 / 92 ( 32 % )                            ;
; Total virtual pins                 ; 0                                           ;
; Total memory bits                  ; 3,584 / 276,480 ( 1 % )                     ;
; Embedded Multiplier 9-bit elements ; 0 / 30 ( 0 % )                              ;
; Total PLLs                         ; 0 / 2 ( 0 % )                               ;
+------------------------------------+---------------------------------------------+


+-----------------------------------------+
; Flow Settings                           ;
+-------------------+---------------------+
; Option            ; Setting             ;
+-------------------+---------------------+
; Start date & time ; 03/11/2025 20:31:49 ;
; Main task         ; Compilation         ;
; Revision Name     ; Lab6                ;
+-------------------+---------------------+


+-------------------------------------------------------------------------------------------------------------------------------------------+
; Flow Non-Default Global Settings                                                                                                          ;
+-------------------------------------+------------------------------------------------------+---------------+-------------+----------------+
; Assignment Name                     ; Value                                                ; Default Value ; Entity Name ; Section Id     ;
+-------------------------------------+------------------------------------------------------+---------------+-------------+----------------+
; COMPILER_SIGNATURE_ID               ; 118902013861338.174169630903608                      ; --            ; --          ; --             ;
; EDA_GENERATE_FUNCTIONAL_NETLIST     ; On                                                   ; --            ; --          ; eda_simulation ;
; EDA_NETLIST_WRITER_OUTPUT_DIR       ; E:/computerExercise/wjllt6ma/wjllt6/simulation/qsim/ ; --            ; --          ; eda_simulation ;
; EDA_OUTPUT_DATA_FORMAT              ; Verilog Hdl                                          ; --            ; --          ; eda_simulation ;
; EDA_SIMULATION_TOOL                 ; ModelSim-Altera (Verilog)                            ; <None>        ; --          ; --             ;
; IP_TOOL_NAME                        ; LPM_COUNTER                                          ; --            ; --          ; --             ;
; IP_TOOL_NAME                        ; LPM_COUNTER                                          ; --            ; --          ; --             ;
; IP_TOOL_NAME                        ; LPM_MUX                                              ; --            ; --          ; --             ;
; IP_TOOL_NAME                        ; LPM_MUX                                              ; --            ; --          ; --             ;
; IP_TOOL_NAME                        ; ROM: 1-PORT                                          ; --            ; --          ; --             ;
; IP_TOOL_NAME                        ; RAM: 1-PORT                                          ; --            ; --          ; --             ;
; IP_TOOL_VERSION                     ; 9.0                                                  ; --            ; --          ; --             ;
; IP_TOOL_VERSION                     ; 9.0                                                  ; --            ; --          ; --             ;
; IP_TOOL_VERSION                     ; 9.0                                                  ; --            ; --          ; --             ;
; IP_TOOL_VERSION                     ; 9.0                                                  ; --            ; --          ; --             ;
; IP_TOOL_VERSION                     ; 13.1                                                 ; --            ; --          ; --             ;
; IP_TOOL_VERSION                     ; 13.1                                                 ; --            ; --          ; --             ;
; MAX_CORE_JUNCTION_TEMP              ; 85                                                   ; --            ; --          ; --             ;
; MIN_CORE_JUNCTION_TEMP              ; 0                                                    ; --            ; --          ; --             ;
; MISC_FILE                           ; lpm_counter1.bsf                                     ; --            ; --          ; --             ;
; MISC_FILE                           ; lpm_counter1.cmp                                     ; --            ; --          ; --             ;
; MISC_FILE                           ; lpm_counter2.bsf                                     ; --            ; --          ; --             ;
; MISC_FILE                           ; lpm_counter2.cmp                                     ; --            ; --          ; --             ;
; MISC_FILE                           ; lpm_mux0.bsf                                         ; --            ; --          ; --             ;
; MISC_FILE                           ; lpm_mux1.bsf                                         ; --            ; --          ; --             ;
; MISC_FILE                           ; rom1.bsf                                             ; --            ; --          ; --             ;
; MISC_FILE                           ; rom1_inst.vhd                                        ; --            ; --          ; --             ;
; MISC_FILE                           ; rom1.cmp                                             ; --            ; --          ; --             ;
; MISC_FILE                           ; ram1.bsf                                             ; --            ; --          ; --             ;
; MISC_FILE                           ; ram1_inst.vhd                                        ; --            ; --          ; --             ;
; MISC_FILE                           ; ram1.cmp                                             ; --            ; --          ; --             ;
; PARTITION_COLOR                     ; 16764057                                             ; --            ; --          ; Top            ;
; PARTITION_FITTER_PRESERVATION_LEVEL ; PLACEMENT_AND_ROUTING                                ; --            ; --          ; Top            ;
; PARTITION_NETLIST_TYPE              ; SOURCE                                               ; --            ; --          ; Top            ;
; USE_GENERATED_PHYSICAL_CONSTRAINTS  ; Off                                                  ; --            ; --          ; eda_blast_fpga ;
+-------------------------------------+------------------------------------------------------+---------------+-------------+----------------+


+-------------------------------------------------------------------------------------------------------------------------------+
; Flow Elapsed Time                                                                                                             ;
+---------------------------+--------------+-------------------------+---------------------+------------------------------------+
; Module Name               ; Elapsed Time ; Average Processors Used ; Peak Virtual Memory ; Total CPU Time (on all processors) ;
+---------------------------+--------------+-------------------------+---------------------+------------------------------------+
; Analysis & Synthesis      ; 00:00:04     ; 1.0                     ; 4702 MB             ; 00:00:02                           ;
; Fitter                    ; 00:00:05     ; 1.0                     ; 6022 MB             ; 00:00:02                           ;
; Assembler                 ; 00:00:01     ; 1.0                     ; 4595 MB             ; 00:00:00                           ;
; TimeQuest Timing Analyzer ; 00:00:01     ; 1.0                     ; 4806 MB             ; 00:00:00                           ;
; EDA Netlist Writer        ; 00:00:00     ; 1.0                     ; 4558 MB             ; 00:00:00                           ;
; EDA Netlist Writer        ; 00:00:00     ; 1.0                     ; 4576 MB             ; 00:00:00                           ;
; EDA Netlist Writer        ; 00:00:00     ; 1.0                     ; 4576 MB             ; 00:00:00                           ;
; EDA Netlist Writer        ; 00:00:00     ; 1.0                     ; 4576 MB             ; 00:00:00                           ;
; EDA Netlist Writer        ; 00:00:00     ; 1.0                     ; 4576 MB             ; 00:00:00                           ;
; Total                     ; 00:00:11     ; --                      ; --                  ; 00:00:04                           ;
+---------------------------+--------------+-------------------------+---------------------+------------------------------------+


+----------------------------------------------------------------------------------------+
; Flow OS Summary                                                                        ;
+---------------------------+------------------+-----------+------------+----------------+
; Module Name               ; Machine Hostname ; OS Name   ; OS Version ; Processor type ;
+---------------------------+------------------+-----------+------------+----------------+
; Analysis & Synthesis      ; LAPTOP-S290MH3H  ; Windows 7 ; 6.2        ; x86_64         ;
; Fitter                    ; LAPTOP-S290MH3H  ; Windows 7 ; 6.2        ; x86_64         ;
; Assembler                 ; LAPTOP-S290MH3H  ; Windows 7 ; 6.2        ; x86_64         ;
; TimeQuest Timing Analyzer ; LAPTOP-S290MH3H  ; Windows 7 ; 6.2        ; x86_64         ;
; EDA Netlist Writer        ; LAPTOP-S290MH3H  ; Windows 7 ; 6.2        ; x86_64         ;
; EDA Netlist Writer        ; LAPTOP-S290MH3H  ; Windows 7 ; 6.2        ; x86_64         ;
; EDA Netlist Writer        ; LAPTOP-S290MH3H  ; Windows 7 ; 6.2        ; x86_64         ;
; EDA Netlist Writer        ; LAPTOP-S290MH3H  ; Windows 7 ; 6.2        ; x86_64         ;
; EDA Netlist Writer        ; LAPTOP-S290MH3H  ; Windows 7 ; 6.2        ; x86_64         ;
+---------------------------+------------------+-----------+------------+----------------+


------------
; Flow Log ;
------------
quartus_map --read_settings_files=on --write_settings_files=off Lab6 -c Lab6
quartus_fit --read_settings_files=off --write_settings_files=off Lab6 -c Lab6
quartus_asm --read_settings_files=off --write_settings_files=off Lab6 -c Lab6
quartus_sta Lab6 -c Lab6
quartus_eda --read_settings_files=off --write_settings_files=off Lab6 -c Lab6
quartus_eda --gen_testbench --check_outputs=on --tool=modelsim_oem --format=verilog Lab6 -c Lab6 --vector_source=E:/computerExercise/wjllt6ma/wjllt6/Lab6.vwf --testbench_file=E:/computerExercise/wjllt6ma/wjllt6/simulation/qsim/Lab6.vwf.vt
quartus_eda --functional=on --flatten_buses=off --simulation=on --tool=modelsim_oem --format=verilog --output_directory=E:/computerExercise/wjllt6ma/wjllt6/simulation/qsim/ Lab6 -c Lab6
quartus_eda --gen_testbench --check_outputs=on --tool=modelsim_oem --format=verilog Lab6 -c Lab6 --vector_source=E:/computerExercise/wjllt6ma/wjllt6/Waveform.vwf --testbench_file=E:/computerExercise/wjllt6ma/wjllt6/simulation/qsim/Waveform.vwf.vt
quartus_eda --functional=on --flatten_buses=off --simulation=on --tool=modelsim_oem --format=verilog --output_directory=E:/computerExercise/wjllt6ma/wjllt6/simulation/qsim/ Lab6 -c Lab6



