Classic Timing Analyzer report for tfboys
Wed Sep 20 11:14:48 2023
Quartus II Version 9.0 Build 132 02/25/2009 SJ Full Version


---------------------
; Table of Contents ;
---------------------
  1. Legal Notice
  2. Timing Analyzer Summary
  3. Timing Analyzer Settings
  4. Clock Settings Summary
  5. Parallel Compilation
  6. Clock Setup: 'CLK1'
  7. tco
  8. Timing Analyzer Messages



----------------
; Legal Notice ;
----------------
Copyright (C) 1991-2009 Altera Corporation
Your use of Altera Corporation's design tools, logic functions 
and other software and tools, and its AMPP partner logic 
functions, and any output files from any of the foregoing 
(including device programming or simulation files), and any 
associated documentation or information are expressly subject 
to the terms and conditions of the Altera Program License 
Subscription Agreement, Altera MegaCore Function License 
Agreement, or other applicable license agreement, including, 
without limitation, that your use is for the sole purpose of 
programming logic devices manufactured by Altera and sold by 
Altera or its authorized distributors.  Please refer to the 
applicable agreement for further details.



+-------------------------------------------------------------------------------------------------------------------------------------------------------------+
; Timing Analyzer Summary                                                                                                                                     ;
+------------------------------+-------+---------------+------------------------------------------------+-------+------+------------+----------+--------------+
; Type                         ; Slack ; Required Time ; Actual Time                                    ; From  ; To   ; From Clock ; To Clock ; Failed Paths ;
+------------------------------+-------+---------------+------------------------------------------------+-------+------+------------+----------+--------------+
; Worst-case tco               ; N/A   ; None          ; 20.600 ns                                      ; inst3 ; T4   ; CLK1       ; --       ; 0            ;
; Clock Setup: 'CLK1'          ; N/A   ; None          ; Restricted to 200.00 MHz ( period = 5.000 ns ) ; inst  ; inst ; CLK1       ; CLK1     ; 0            ;
; Total number of failed paths ;       ;               ;                                                ;       ;      ;            ;          ; 0            ;
+------------------------------+-------+---------------+------------------------------------------------+-------+------+------------+----------+--------------+


+--------------------------------------------------------------------------------------------------------------------+
; Timing Analyzer Settings                                                                                           ;
+---------------------------------------------------------------------+--------------------+------+----+-------------+
; Option                                                              ; Setting            ; From ; To ; Entity Name ;
+---------------------------------------------------------------------+--------------------+------+----+-------------+
; Device Name                                                         ; EP1K100QC208-3     ;      ;    ;             ;
; Timing Models                                                       ; Final              ;      ;    ;             ;
; Default hold multicycle                                             ; Same as Multicycle ;      ;    ;             ;
; Cut paths between unrelated clock domains                           ; On                 ;      ;    ;             ;
; Cut off read during write signal paths                              ; On                 ;      ;    ;             ;
; Cut off feedback from I/O pins                                      ; On                 ;      ;    ;             ;
; Report Combined Fast/Slow Timing                                    ; Off                ;      ;    ;             ;
; Ignore Clock Settings                                               ; Off                ;      ;    ;             ;
; Analyze latches as synchronous elements                             ; On                 ;      ;    ;             ;
; Enable Recovery/Removal analysis                                    ; Off                ;      ;    ;             ;
; Enable Clock Latency                                                ; Off                ;      ;    ;             ;
; Use TimeQuest Timing Analyzer                                       ; Off                ;      ;    ;             ;
; Minimum Core Junction Temperature                                   ; 0                  ;      ;    ;             ;
; Maximum Core Junction Temperature                                   ; 85                 ;      ;    ;             ;
; Number of source nodes to report per destination node               ; 10                 ;      ;    ;             ;
; Number of destination nodes to report                               ; 10                 ;      ;    ;             ;
; Number of paths to report                                           ; 200                ;      ;    ;             ;
; Report Minimum Timing Checks                                        ; Off                ;      ;    ;             ;
; Use Fast Timing Models                                              ; Off                ;      ;    ;             ;
; Report IO Paths Separately                                          ; Off                ;      ;    ;             ;
; Perform Multicorner Analysis                                        ; Off                ;      ;    ;             ;
; Reports the worst-case path for each clock domain and analysis      ; Off                ;      ;    ;             ;
; Removes common clock path pessimism (CCPP) during slack computation ; Off                ;      ;    ;             ;
; Output I/O Timing Endpoint                                          ; Near End           ;      ;    ;             ;
+---------------------------------------------------------------------+--------------------+------+----+-------------+


+------------------------------------------------------------------------------------------------------------------------------------------------------------------------------------+
; Clock Settings Summary                                                                                                                                                             ;
+-----------------+--------------------+----------+------------------+---------------+--------------+----------+-----------------------+---------------------+--------+--------------+
; Clock Node Name ; Clock Setting Name ; Type     ; Fmax Requirement ; Early Latency ; Late Latency ; Based on ; Multiply Base Fmax by ; Divide Base Fmax by ; Offset ; Phase offset ;
+-----------------+--------------------+----------+------------------+---------------+--------------+----------+-----------------------+---------------------+--------+--------------+
; CLK1            ;                    ; User Pin ; None             ; 0.000 ns      ; 0.000 ns     ; --       ; N/A                   ; N/A                 ; N/A    ;              ;
+-----------------+--------------------+----------+------------------+---------------+--------------+----------+-----------------------+---------------------+--------+--------------+


+------------------------------------------+
; Parallel Compilation                     ;
+----------------------------+-------------+
; Processors                 ; Number      ;
+----------------------------+-------------+
; Number detected on machine ; 4           ;
; Maximum allowed            ; 4           ;
;                            ;             ;
; Average used               ; 1.00        ;
; Maximum used               ; 1           ;
;                            ;             ;
; Usage by Processor         ; % Time Used ;
;     1 processor            ; 100.0%      ;
;     2-4 processors         ;   0.0%      ;
+----------------------------+-------------+


+------------------------------------------------------------------------------------------------------------------------------------------------------------------------------------+
; Clock Setup: 'CLK1'                                                                                                                                                                ;
+-------+------------------------------------------------+-------+-------+------------+----------+-----------------------------+---------------------------+-------------------------+
; Slack ; Actual fmax (period)                           ; From  ; To    ; From Clock ; To Clock ; Required Setup Relationship ; Required Longest P2P Time ; Actual Longest P2P Time ;
+-------+------------------------------------------------+-------+-------+------------+----------+-----------------------------+---------------------------+-------------------------+
; N/A   ; Restricted to 200.00 MHz ( period = 5.000 ns ) ; inst  ; inst  ; CLK1       ; CLK1     ; None                        ; None                      ; 1.700 ns                ;
; N/A   ; Restricted to 200.00 MHz ( period = 5.000 ns ) ; inst1 ; inst  ; CLK1       ; CLK1     ; None                        ; None                      ; 1.500 ns                ;
; N/A   ; Restricted to 200.00 MHz ( period = 5.000 ns ) ; inst2 ; inst  ; CLK1       ; CLK1     ; None                        ; None                      ; 1.400 ns                ;
; N/A   ; Restricted to 200.00 MHz ( period = 5.000 ns ) ; inst3 ; inst  ; CLK1       ; CLK1     ; None                        ; None                      ; 1.200 ns                ;
; N/A   ; Restricted to 200.00 MHz ( period = 5.000 ns ) ; inst2 ; inst3 ; CLK1       ; CLK1     ; None                        ; None                      ; 1.200 ns                ;
; N/A   ; Restricted to 200.00 MHz ( period = 5.000 ns ) ; inst1 ; inst2 ; CLK1       ; CLK1     ; None                        ; None                      ; 1.200 ns                ;
; N/A   ; Restricted to 200.00 MHz ( period = 5.000 ns ) ; inst  ; inst1 ; CLK1       ; CLK1     ; None                        ; None                      ; 1.200 ns                ;
; N/A   ; Restricted to 200.00 MHz ( period = 5.000 ns ) ; inst3 ; inst4 ; CLK1       ; CLK1     ; None                        ; None                      ; 1.200 ns                ;
+-------+------------------------------------------------+-------+-------+------------+----------+-----------------------------+---------------------------+-------------------------+


+-------------------------------------------------------------+
; tco                                                         ;
+-------+--------------+------------+-------+----+------------+
; Slack ; Required tco ; Actual tco ; From  ; To ; From Clock ;
+-------+--------------+------------+-------+----+------------+
; N/A   ; None         ; 20.600 ns  ; inst3 ; T4 ; CLK1       ;
; N/A   ; None         ; 20.500 ns  ; inst2 ; T3 ; CLK1       ;
; N/A   ; None         ; 20.500 ns  ; inst1 ; T2 ; CLK1       ;
; N/A   ; None         ; 20.000 ns  ; inst  ; T1 ; CLK1       ;
+-------+--------------+------------+-------+----+------------+


+--------------------------+
; Timing Analyzer Messages ;
+--------------------------+
Info: *******************************************************************
Info: Running Quartus II Classic Timing Analyzer
    Info: Version 9.0 Build 132 02/25/2009 SJ Full Version
    Info: Processing started: Wed Sep 20 11:14:48 2023
Info: Command: quartus_tan --read_settings_files=off --write_settings_files=off tfboys -c tfboys
Info: Parallel compilation is enabled and will use 4 of the 4 processors detected
Info: Started post-fitting delay annotation
Info: Delay annotation completed successfully
Warning: Found pins functioning as undefined clocks and/or memory enables
    Info: Assuming node "CLK1" is an undefined clock
Warning: Found 2 node(s) in clock paths which may be acting as ripple and/or gated clocks -- node(s) analyzed as buffer(s) resulting in clock skew
    Info: Detected ripple clock "inst4" as buffer
    Info: Detected gated clock "inst8" as buffer
Info: Clock "CLK1" Internal fmax is restricted to 200.0 MHz between source register "inst" and destination register "inst"
    Info: fmax restricted to Clock High delay (2.5 ns) plus Clock Low delay (2.5 ns) : restricted to 5.0 ns. Expand message to see actual delay path.
        Info: + Longest register to register delay is 1.700 ns
            Info: 1: + IC(0.000 ns) + CELL(0.000 ns) = 0.000 ns; Loc. = LC2_A29; Fanout = 3; REG Node = 'inst'
            Info: 2: + IC(0.200 ns) + CELL(1.500 ns) = 1.700 ns; Loc. = LC2_A29; Fanout = 3; REG Node = 'inst'
            Info: Total cell delay = 1.500 ns ( 88.24 % )
            Info: Total interconnect delay = 0.200 ns ( 11.76 % )
        Info: - Smallest clock skew is 0.000 ns
            Info: + Shortest clock path from clock "CLK1" to destination register is 9.900 ns
                Info: 1: + IC(0.000 ns) + CELL(0.500 ns) = 0.500 ns; Loc. = PIN_78; Fanout = 1; CLK Node = 'CLK1'
                Info: 2: + IC(1.900 ns) + CELL(1.700 ns) = 4.100 ns; Loc. = LC1_A29; Fanout = 5; COMB Node = 'inst8'
                Info: 3: + IC(5.800 ns) + CELL(0.000 ns) = 9.900 ns; Loc. = LC2_A29; Fanout = 3; REG Node = 'inst'
                Info: Total cell delay = 2.200 ns ( 22.22 % )
                Info: Total interconnect delay = 7.700 ns ( 77.78 % )
            Info: - Longest clock path from clock "CLK1" to source register is 9.900 ns
                Info: 1: + IC(0.000 ns) + CELL(0.500 ns) = 0.500 ns; Loc. = PIN_78; Fanout = 1; CLK Node = 'CLK1'
                Info: 2: + IC(1.900 ns) + CELL(1.700 ns) = 4.100 ns; Loc. = LC1_A29; Fanout = 5; COMB Node = 'inst8'
                Info: 3: + IC(5.800 ns) + CELL(0.000 ns) = 9.900 ns; Loc. = LC2_A29; Fanout = 3; REG Node = 'inst'
                Info: Total cell delay = 2.200 ns ( 22.22 % )
                Info: Total interconnect delay = 7.700 ns ( 77.78 % )
        Info: + Micro clock to output delay of source is 1.100 ns
        Info: + Micro setup delay of destination is 0.700 ns
Info: tco from clock "CLK1" to destination pin "T4" through register "inst3" is 20.600 ns
    Info: + Longest clock path from clock "CLK1" to source register is 9.900 ns
        Info: 1: + IC(0.000 ns) + CELL(0.500 ns) = 0.500 ns; Loc. = PIN_78; Fanout = 1; CLK Node = 'CLK1'
        Info: 2: + IC(1.900 ns) + CELL(1.700 ns) = 4.100 ns; Loc. = LC1_A29; Fanout = 5; COMB Node = 'inst8'
        Info: 3: + IC(5.800 ns) + CELL(0.000 ns) = 9.900 ns; Loc. = LC8_A29; Fanout = 3; REG Node = 'inst3'
        Info: Total cell delay = 2.200 ns ( 22.22 % )
        Info: Total interconnect delay = 7.700 ns ( 77.78 % )
    Info: + Micro clock to output delay of source is 1.100 ns
    Info: + Longest register to pin delay is 9.600 ns
        Info: 1: + IC(0.000 ns) + CELL(0.000 ns) = 0.000 ns; Loc. = LC8_A29; Fanout = 3; REG Node = 'inst3'
        Info: 2: + IC(1.100 ns) + CELL(8.500 ns) = 9.600 ns; Loc. = PIN_189; Fanout = 0; PIN Node = 'T4'
        Info: Total cell delay = 8.500 ns ( 88.54 % )
        Info: Total interconnect delay = 1.100 ns ( 11.46 % )
Info: Quartus II Classic Timing Analyzer was successful. 0 errors, 2 warnings
    Info: Peak virtual memory: 194 megabytes
    Info: Processing ended: Wed Sep 20 11:14:48 2023
    Info: Elapsed time: 00:00:00
    Info: Total CPU time (on all processors): 00:00:00


