C51 COMPILER V9.57.0.0   TRY1                                                              03/18/2025 14:16:31 PAGE 1   


C51 COMPILER V9.57.0.0, COMPILATION OF MODULE TRY1
OBJECT MODULE PLACED IN try1.OBJ
COMPILER INVOKED BY: E:\software\c51\C51\BIN\C51.EXE try1.c OPTIMIZE(8,SPEED) BROWSE DEBUG OBJECTEXTEND TABS(2)

line level    source

   1          #include <reg51.h> 
   2          #include <string.h> 
   3          #include <stdio.h> 
   4          #include <stdlib.h>
   5          #define uchar unsigned char
   6          #define unit unsigned int 
   7          
   8          /********************/
   9          sbit sound=P1^3;
  10          sbit rs = P1 ^ 0; //,rs  1 , 0 
  11          sbit rw = P1 ^ 1; // LCD §ջ 1  LCD, 0 §ՠLCD
  12          sbit en = P1 ^ 2;
  13          void ys(int i)
  14          {
  15   1        int t;
  16   1        for(;i>= 1;i--)
  17   1        {
  18   2          for(t=120;t>1;t--)
  19   2          {
  20   3            ;
  21   3          }
  22   2        }
  23   1      }
  24          
  25          
  26          void dm()
  27          {
  28   1        P0 = 0xff;
  29   1        rs =0;
  30   1        rw= 1;
  31   1        en = 1;
  32   1        while(P0 & 0x80)
  33   1          ;
  34   1        en = 0;
  35   1      }
  36          
  37          void ddata(int x,uchar DATA)
  38          {
  39   1        dm();
  40   1        ys(20);
  41   1        P0 = DATA;
  42   1        rw=0;
  43   1        rs = x;
  44   1        en = 1;
  45   1        en = 0;
  46   1      }
  47          
  48          void lcd1602() 
  49          { 
  50   1        rs = 1; 
  51   1        rw = 1; 
  52   1        en = 1; 
  53   1        P0 = 0xff; 
  54   1        ys(15); 
  55   1        ddata(0, 0x38); 
C51 COMPILER V9.57.0.0   TRY1                                                              03/18/2025 14:16:31 PAGE 2   

  56   1        ys(5); 
  57   1        ddata(0, 0x38); 
  58   1        ddata(0, 0x08); 
  59   1        ddata(0, 0x01); 
  60   1        ddata(0, 0x06); 
  61   1        ddata(0, 0x0c); 
  62   1      }
  63          
  64          void xianshi(uchar i, uchar j, uchar DDATA) 
  65          { 
  66   1        if ((int)i == 1)
  67   1        {
  68   2          j = j + 0x40;
  69   2        }
  70   1        if ((int)i == 2) 
  71   1        { 
  72   2          j = j + 20; 
  73   2        } 
  74   1        if ((int)i == 3) 
  75   1        { 
  76   2          j = j + 20 + 0x40; 
  77   2        } 
  78   1        j = j + 0x80; 
  79   1        ddata(0, j); 
  80   1        ddata(1, DDATA); 
  81   1      }
  82          
  83          void xianshi1(uchar y, uchar x, uchar shuzu0[]) 
  84          {
  85   1        uchar j; 
  86   1        uchar i; 
  87   1        int k = 1; 
  88   1        i = 0; 
  89   1        j = strlen(shuzu0) + x; 
  90   1        for (; k > 0;) 
  91   1        { 
  92   2          if (x < j) 
  93   2          { 
  94   3            xianshi(y, x, shuzu0[i]); 
  95   3            x++; 
  96   3            i++; 
  97   3          } 
  98   2          else 
  99   2          { 
 100   3            k = 0; 
 101   3          } 
 102   2        } 
 103   1      }
 104          
 105          /************************************ *******************************/
 106          void delay_in_key(uchar z) 
 107          { 
 108   1        uchar x, y; 
 109   1        for (x = z; x > 0; x--) 
 110   1          for (y = 110; y > 0; y--) 
 111   1            ; 
 112   1      }
 113          
 114          uchar keyscan() 
 115          { 
 116   1        uchar row, 
 117   1        col, i; 
C51 COMPILER V9.57.0.0   TRY1                                                              03/18/2025 14:16:31 PAGE 3   

 118   1        uchar code keycode[] = {0xee, 0xde, 0xbe, 0x7e, 
 119   1                     0xed, 0xdd, 0xbd, 0x7d,      
 120   1                     0xeb, 0xdb, 0xbb, 0x7b, 
 121   1                     0xe7, 0xd7, 0xb7, 0x77}; 
 122   1        uchar k = 16; 
 123   1        P3 = 0xf0; 
 124   1        if ((P3 & 0xf0) != 0xf0)
 125   1        { 
 126   2          delay_in_key(5); 
 127   2          if ((P3 & 0xf0) != 0xf0) 
 128   2          { 
 129   3            row = P3 & 0xf0; 
 130   3            P3 = row | 0x0f; 
 131   3            col = P3 & 0x0f; 
 132   3            for (i = 0; i < 16; i++) 
 133   3              if ((col | row) == keycode[i]) 
 134   3              { 
 135   4                k = i; 
 136   4                break; 
 137   4              } 
 138   3            P3 = 0xf0; 
 139   3            while ((P3 & 0xf0) != 0xf0) 
 140   3              ; 
 141   3          } 
 142   2        } 
 143   1        return k; 
 144   1      }
 145          /************************************ *******************************/
 146          sbit beepIO = P1 ^ 3; 
 147          uchar m, n; 
 148          uchar code T[49][2] = {{0, 0}, 
 149                    {0xF8, 0x8B}, 
 150                    {0xF8, 0xF2},   
 151                    {0xF9, 0x5B}, 
 152                    {0xF9, 0xB7}, 
 153                    {0xFA, 0x14},
 154                    {0xFA, 0x66}, 
 155                    {0xFA, 0xB9}, 
 156                    {0xFB, 0x03}, 
 157                    {0xFB, 0x4A}, 
 158                    {0xFB, 0x8F},
 159                    {0xFB, 0xCF}, 
 160                    {0xFC, 0x0B}, 
 161                    {0xFC, 0x43}, 
 162                    {0xFC, 0x78}, 
 163                    {0xFC, 0xAB}, 
 164                    {0xFC, 0xDB}, 
 165                    {0xFD, 0x08}, 
 166                    {0xFD, 0x33}, 
 167                    {0xFD, 0x5B}, 
 168                    {0xFD, 0x81}, 
 169                    {0xFD, 0xA5}, 
 170                    {0xFD, 0xC7}, 
 171                    {0xFD, 0xE7}, 
 172                    {0xFE, 0x05}, 
 173                    {0xFE, 0x21}, 
 174                    {0xFE, 0x3C}, 
 175                    {0xFE, 0x55}, 
 176                    {0xFE, 0x6D}, 
 177                    {0xFE, 0x84}, 
 178                    {0xFE, 0x99},   
 179                    {0xFE, 0xAD}, 
C51 COMPILER V9.57.0.0   TRY1                                                              03/18/2025 14:16:31 PAGE 4   

 180                    {0xFE, 0xC0},   
 181                    {0xFE, 0x02}, 
 182                    {0xFE, 0xE3}, 
 183                    {0xFE, 0xF3}, 
 184                    {0xFF, 0x02}, 
 185                    {0xFF, 0x10}, 
 186                    {0xFF, 0x1D}, 
 187                    {0xFF, 0x2A}, 
 188                    {0xFF, 0x36}, 
 189                    {0xFF, 0x42}, 
 190                    {0xFF, 0x4C},
 191                    {0xFF, 0x56}, 
 192                    {0xFF, 0x60},
 193                    {0xFF, 0x69},
 194                    {0xFF, 0x71}, 
 195                    {0xFF, 0x79}, 
 196                    {0xFF, 0x81}
 197          }; 
 198          
 199          void delay_in_music(uchar p) 
 200          { 
 201   1        uchar i, j; 
 202   1        for (; p > 0; p--) 
 203   1          for (i = 160; i > 0; i--) 
 204   1            for (j = 160; j > 0; j--) 
 205   1              ; 
 206   1      } 
 207          
 208          void pause() 
 209          { 
 210   1        uchar i, j; 
 211   1        for (i = 140; i > 0; i--) 
 212   1          for (j = 140; j > 0; j--) 
 213   1            ; 
 214   1      } 
 215          
 216          void T0_int() interrupt 1 
 217          { 
 218   1        beepIO = !beepIO; 
 219   1        TH0 = T[m][0]; 
 220   1        TL0 = T[m][1]; 
 221   1      }
 222          
 223          void play(uchar music[200][2]) 
 224          { 
 225   1        uchar i = 0; 
 226   1        TMOD = 0x01; 
 227   1        EA = 1; 
 228   1        ET0 = 1; 
 229   1        while (1) 
 230   1        { 
 231   2          m = music[i][0]; 
 232   2          n = music[i][1]; 
 233   2          if (m == 0x00) 
 234   2          { 
 235   3            TR0 = 0; 
 236   3            delay_in_music(2); 
 237   3            i++; 
 238   3          } 
 239   2          else if (m == 0xFF) 
 240   2          { 
 241   3            TR0 = 0; 
C51 COMPILER V9.57.0.0   TRY1                                                              03/18/2025 14:16:31 PAGE 5   

 242   3            delay_in_music(1); 
 243   3            i = 0; break; 
 244   3          } 
 245   2          else if (m == music[i + 1][0]) 
 246   2          { 
 247   3            TR0 = 1; 
 248   3            delay_in_music(2); 
 249   3            TR0 = 0; pause();
 250   3            i++;  
 251   3          } 
 252   2          else 
 253   2          { 
 254   3            TR0 = 1; 
 255   3            delay_in_music(2); 
 256   3            i++; 
 257   3          } 
 258   2        } 
 259   1      }
 260          /************************************ *******************************/
 261          int is_start = 0; //0¦ı
 262          int level = 0; //
 263          int x=0; //¦ˠ
 264          int y=0; 
 265          int good = 0; 
 266          int score = 0; 
 267          int keys[] = {0, 1, 2, 3, 4, 5, 6, 7, 8, 9, 10, 11, 12, 13, 14, 15, 16}; // 1-143-021-247-431-3411-841-
             -4415-1216 ¦Ġ
 268          int key = 16; 
 269          int map[3][4] = { {7, 6, 5, 4}, {11, 10, 9, 8}, {15, 14, 13, 12}}; 
 270          uchar code startGameMusic[][2] = {{0, 4}, {23, 2}, {19, 2}, {21, 2}, {23, 2}, {0xFF, 0xFF}}; 
 271          uchar code endGameMusic[][2] = {{0, 4}, {23, 2}, {19, 2}, {21, 2}, {23, 2}, {0xFF, 0xFF}}; 
 272          uchar code pressKeySound[][2] = {{0, 4},{23, 2}, {0xFF, 0xFF}}; //§¹ 
 273          int code leftInputPos = 7; //¦ˍ
 274          int currentInputPos = 7; //¦ˍ
 275          int code rightInputPos = 20; //¦ˍ
 276          int can_input = 0; //
 277          void showStartInterface(); // 
 278          void showLevelOrEndInterface(); //
 279          void showEndInterface(); // 
 280          void showLevelInterface(); // 
 281          void showLevel1Interface(); //1 
 282          void showLevel2Interface(); //2 
 283          void showToBeContinued(); //¦č
 284          void showAnswer(); //
 285          void deleteCurrentChar(); // 
 286          void inputChar(int key); // 
 287          void showRule1Interface(); //1  
 288          void showRule2Interface(); //2 
 289          void updateDisplay(uchar newLines[4][20]); //newLines  
 290          
 291          main() 
 292          { 
 293   1        showStartInterface(); // 
 294   1        while (1) 
 295   1        { 
 296   2          key = keys[keyscan()]; // 
 297   2          switch (key) 
 298   2          {  
 299   3            case 3: // 
 300   3              showLevelOrEndInterface(); 
 301   3              break;
 302   3            case 2: //
C51 COMPILER V9.57.0.0   TRY1                                                              03/18/2025 14:16:31 PAGE 6   

 303   3              showLevelInterface(); 
 304   3              break; 
 305   3            case 1: // 
 306   3              showAnswer(); 
 307   3              break; 
 308   3            case 0: // 
 309   3              deleteCurrentChar(); 
 310   3              break; 
 311   3            case 12: //1 
 312   3              showRule2Interface(); 
 313   3              break; 
 314   3            case 13: //2 
 315   3              showRule1Interface(); 
 316   3              break; 
 317   3            case 16: //16¦Ġ
 318   3              break; 
 319   3            default: // 
 320   3              inputChar(key); 
 321   3              break;
 322   3          } 
 323   2          if (key != 3 && key != 16) // 
 324   2          {
 325   3             play(pressKeySound); 
 326   3          } 
 327   2        } 
 328   1      }
 329          
 330          void showStartInterface() // 
 331          { 
 332   1        uchar code newLines[4][20] = {"Pcker Counting Game", "Welcome!", "Key43-44: key rules", "Key11: start"}; 
 333   1        updateDisplay(newLines); 
 334   1        play(startGameMusic); 
 335   1      } 
 336          
 337          void showLevelOrEndInterface() // 
 338          { 
 339   1        if (is_start == 0) 
 340   1        { 
 341   2          is_start = 1; 
 342   2          level = 0; 
 343   2          showLevelInterface(); 
 344   2          play(pressKeySound); 
 345   2        } 
 346   1        else 
 347   1        { 
 348   2          is_start = 0; 
 349   2          showEndInterface(); 
 350   2        }
 351   1      } 
 352          
 353          void showEndInterface() // 
 354          { 
 355   1        uchar code newLines[4][20] = {"See you!", "", "", "Key11: start"}; 
 356   1        updateDisplay(newLines); 
 357   1        play(endGameMusic); 
 358   1      }   
 359          
 360          void showLevelInterface() // 
 361          {
 362   1        level += 1; 
 363   1        currentInputPos = leftInputPos; 
 364   1        if (level != 3) 
C51 COMPILER V9.57.0.0   TRY1                                                              03/18/2025 14:16:31 PAGE 7   

 365   1        { 
 366   2          can_input = 1; 
 367   2        } 
 368   1        switch (level) 
 369   1        { 
 370   2        case 1: 
 371   2          showLevel1Interface(); 
 372   2          break; 
 373   2        case 2: 
 374   2          showLevel2Interface(); 
 375   2          break; 
 376   2        case 3: 
 377   2          showToBeContinued(); 
 378   2          break; 
 379   2        } 
 380   1      }
 381          
 382          void showLevel1Interface() //1 
 383          { 
 384   1        uchar code newLines[4][20] = {"Level 1", "Numbers: 1 1 1 8", "Input: ", "Key13: answer"};   updateDisplay(
             -newLines); 
 385   1      } 
 386          void showLevel2Interface() //2 
 387          { 
 388   1        uchar code newLines[4][20] = {"Level 2", "Numbers: 5 6 7 8", "Input: ", "Key13: answer"};   updateDisplay(
             -newLines); 
 389   1      }
 390          
 391          void showToBeContinued() // 
 392          { 
 393   1        uchar code newLines[4][20] = {"To be continued.", "", "", "Key11: end"};  updateDisplay(newLines); 
 394   1      }
 395           
 396          void showAnswer() // 
 397          { 
 398   1        can_input = 0; 
 399   1        xianshi1(0, 9, "Key12: next"); 
 400   1        switch (level) 
 401   1        { 
 402   2          case 1: 
 403   2            xianshi1(3, 0, "Reference: (1+1+1)x8"); 
 404   2            break; 
 405   2          case 2: 
 406   2            xianshi1(3, 0, "Reference: 6x8/(7-5)"); 
 407   2            break; 
 408   2        } 
 409   1      }
 410          
 411          void deleteCurrentChar() // 
 412          { 
 413   1        if (currentInputPos - 1 >= leftInputPos && can_input == 1) 
 414   1        { 
 415   2          xianshi(2, currentInputPos - 1, ' '); 
 416   2          currentInputPos -= 1; 
 417   2        } 
 418   1      }
 419          
 420          void inputChar(int key) // 
 421          {
 422   1        if (currentInputPos + 1 <= rightInputPos && can_input == 1) 
 423   1        { 
 424   2          switch (key) 
C51 COMPILER V9.57.0.0   TRY1                                                              03/18/2025 14:16:31 PAGE 8   

 425   2          { 
 426   3            case 7: 
 427   3              if (level == 1) 
 428   3                xianshi(2, currentInputPos, '1'); 
 429   3              else 
 430   3                xianshi(2, currentInputPos, '5'); 
 431   3              break; 
 432   3            case 6: 
 433   3              if (level == 1) 
 434   3                xianshi(2, currentInputPos, '1'); 
 435   3              else 
 436   3                xianshi(2, currentInputPos, '6'); 
 437   3              break; 
 438   3            case 5: 
 439   3              if (level == 1) 
 440   3                xianshi(2, currentInputPos, '1'); 
 441   3              else 
 442   3                xianshi(2, currentInputPos, '7'); 
 443   3              break; 
 444   3              case 4: 
 445   3                if (level == 1) 
 446   3                  xianshi(2, currentInputPos, '8'); 
 447   3                else 
 448   3                  xianshi(2, currentInputPos, '8'); 
 449   3                break; 
 450   3              case 11: 
 451   3                xianshi(2, currentInputPos, '+'); 
 452   3                break; 
 453   3              case 10: 
 454   3                xianshi(2, currentInputPos, '-'); 
 455   3                break; 
 456   3              case 9: 
 457   3                xianshi(2, currentInputPos, 'x'); 
 458   3                break; 
 459   3              case 8: 
 460   3                xianshi(2, currentInputPos, '/'); 
 461   3                break; 
 462   3              case 15: 
 463   3                xianshi(2, currentInputPos, '('); 
 464   3                break; 
 465   3              case 14: 
 466   3                xianshi(2, currentInputPos, ')'); 
 467   3                break; 
 468   3          }
 469   2          currentInputPos += 1; 
 470   2        } 
 471   1      }
 472          
 473          void showRule1Interface() // 
 474          { 
 475   1        uchar code newLines[4][20] = {"Key11: start/end", "Key12: next level", "Key13: get answer", "Key14: delet
             -e char"}; 
 476   1        updateDisplay(newLines); 
 477   1      }
 478          
 479          void showRule2Interface() //2 
 480          { 
 481   1        uchar code newLines[4][20] = {"Key21-24: num1-4", "Key31-42: +-x/()", "Key43-44: key rules", "Have a good
             - time!"}; 
 482   1        updateDisplay(newLines); 
 483   1      }
 484          void updateDisplay(uchar newLines[4][20]) // 
C51 COMPILER V9.57.0.0   TRY1                                                              03/18/2025 14:16:31 PAGE 9   

 485          { 
 486   1        int i; 
 487   1        ys(15); 
 488   1        lcd1602(); 
 489   1        for (i = 0; i < 4; i++) 
 490   1        { 
 491   2          xianshi1(i, 0, newLines[i]); 
 492   2        } 
 493   1      }


MODULE INFORMATION:   STATIC OVERLAYABLE
   CODE SIZE        =   1261    ----
   CONSTANT SIZE    =    762    ----
   XDATA SIZE       =   ----    ----
   PDATA SIZE       =   ----    ----
   DATA SIZE        =     78      18
   IDATA SIZE       =   ----    ----
   BIT SIZE         =   ----    ----
END OF MODULE INFORMATION.


C51 COMPILATION COMPLETE.  0 WARNING(S),  0 ERROR(S)
