Classic Timing Analyzer report for ttf
Wed Sep 20 12:04:41 2023
Quartus II Version 9.0 Build 132 02/25/2009 SJ Full Version


---------------------
; Table of Contents ;
---------------------
  1. Legal Notice
  2. Timing Analyzer Summary
  3. Timing Analyzer Settings
  4. Clock Settings Summary
  5. Parallel Compilation
  6. Clock Setup: 'CLK1'
  7. Clock Setup: 'S0'
  8. tsu
  9. tco
 10. th
 11. Timing Analyzer Messages



----------------
; Legal Notice ;
----------------
Copyright (C) 1991-2009 Altera Corporation
Your use of Altera Corporation's design tools, logic functions 
and other software and tools, and its AMPP partner logic 
functions, and any output files from any of the foregoing 
(including device programming or simulation files), and any 
associated documentation or information are expressly subject 
to the terms and conditions of the Altera Program License 
Subscription Agreement, Altera MegaCore Function License 
Agreement, or other applicable license agreement, including, 
without limitation, that your use is for the sole purpose of 
programming logic devices manufactured by Altera and sold by 
Altera or its authorized distributors.  Please refer to the 
applicable agreement for further details.



+-------------------------------------------------------------------------------------------------------------------------------------------------------------+
; Timing Analyzer Summary                                                                                                                                     ;
+------------------------------+-------+---------------+------------------------------------------------+-------+------+------------+----------+--------------+
; Type                         ; Slack ; Required Time ; Actual Time                                    ; From  ; To   ; From Clock ; To Clock ; Failed Paths ;
+------------------------------+-------+---------------+------------------------------------------------+-------+------+------------+----------+--------------+
; Worst-case tsu               ; N/A   ; None          ; 1.522 ns                                       ; S0    ; inst ; --         ; CLK1     ; 0            ;
; Worst-case tco               ; N/A   ; None          ; 9.629 ns                                       ; inst1 ; T2   ; S0         ; --       ; 0            ;
; Worst-case th                ; N/A   ; None          ; -0.337 ns                                      ; S0    ; inst ; --         ; S0       ; 0            ;
; Clock Setup: 'S0'            ; N/A   ; None          ; Restricted to 500.00 MHz ( period = 2.000 ns ) ; inst2 ; inst ; S0         ; S0       ; 0            ;
; Clock Setup: 'CLK1'          ; N/A   ; None          ; Restricted to 500.00 MHz ( period = 2.000 ns ) ; inst2 ; inst ; CLK1       ; CLK1     ; 0            ;
; Total number of failed paths ;       ;               ;                                                ;       ;      ;            ;          ; 0            ;
+------------------------------+-------+---------------+------------------------------------------------+-------+------+------------+----------+--------------+


+--------------------------------------------------------------------------------------------------------------------+
; Timing Analyzer Settings                                                                                           ;
+---------------------------------------------------------------------+--------------------+------+----+-------------+
; Option                                                              ; Setting            ; From ; To ; Entity Name ;
+---------------------------------------------------------------------+--------------------+------+----+-------------+
; Device Name                                                         ; EP2S15F484C3       ;      ;    ;             ;
; Timing Models                                                       ; Final              ;      ;    ;             ;
; Default hold multicycle                                             ; Same as Multicycle ;      ;    ;             ;
; Cut paths between unrelated clock domains                           ; On                 ;      ;    ;             ;
; Cut off read during write signal paths                              ; On                 ;      ;    ;             ;
; Cut off feedback from I/O pins                                      ; On                 ;      ;    ;             ;
; Report Combined Fast/Slow Timing                                    ; Off                ;      ;    ;             ;
; Ignore Clock Settings                                               ; Off                ;      ;    ;             ;
; Analyze latches as synchronous elements                             ; On                 ;      ;    ;             ;
; Enable Recovery/Removal analysis                                    ; Off                ;      ;    ;             ;
; Enable Clock Latency                                                ; Off                ;      ;    ;             ;
; Use TimeQuest Timing Analyzer                                       ; Off                ;      ;    ;             ;
; Number of source nodes to report per destination node               ; 10                 ;      ;    ;             ;
; Number of destination nodes to report                               ; 10                 ;      ;    ;             ;
; Number of paths to report                                           ; 200                ;      ;    ;             ;
; Report Minimum Timing Checks                                        ; Off                ;      ;    ;             ;
; Use Fast Timing Models                                              ; Off                ;      ;    ;             ;
; Report IO Paths Separately                                          ; Off                ;      ;    ;             ;
; Perform Multicorner Analysis                                        ; On                 ;      ;    ;             ;
; Reports the worst-case path for each clock domain and analysis      ; Off                ;      ;    ;             ;
; Removes common clock path pessimism (CCPP) during slack computation ; Off                ;      ;    ;             ;
; Output I/O Timing Endpoint                                          ; Near End           ;      ;    ;             ;
+---------------------------------------------------------------------+--------------------+------+----+-------------+


+------------------------------------------------------------------------------------------------------------------------------------------------------------------------------------+
; Clock Settings Summary                                                                                                                                                             ;
+-----------------+--------------------+----------+------------------+---------------+--------------+----------+-----------------------+---------------------+--------+--------------+
; Clock Node Name ; Clock Setting Name ; Type     ; Fmax Requirement ; Early Latency ; Late Latency ; Based on ; Multiply Base Fmax by ; Divide Base Fmax by ; Offset ; Phase offset ;
+-----------------+--------------------+----------+------------------+---------------+--------------+----------+-----------------------+---------------------+--------+--------------+
; CLK1            ;                    ; User Pin ; None             ; 0.000 ns      ; 0.000 ns     ; --       ; N/A                   ; N/A                 ; N/A    ;              ;
; S0              ;                    ; User Pin ; None             ; 0.000 ns      ; 0.000 ns     ; --       ; N/A                   ; N/A                 ; N/A    ;              ;
+-----------------+--------------------+----------+------------------+---------------+--------------+----------+-----------------------+---------------------+--------+--------------+


+------------------------------------------+
; Parallel Compilation                     ;
+----------------------------+-------------+
; Processors                 ; Number      ;
+----------------------------+-------------+
; Number detected on machine ; 4           ;
; Maximum allowed            ; 4           ;
;                            ;             ;
; Average used               ; 1.00        ;
; Maximum used               ; 1           ;
;                            ;             ;
; Usage by Processor         ; % Time Used ;
;     1 processor            ; 100.0%      ;
;     2-4 processors         ;   0.0%      ;
+----------------------------+-------------+


+------------------------------------------------------------------------------------------------------------------------------------------------------------------------------------+
; Clock Setup: 'CLK1'                                                                                                                                                                ;
+-------+------------------------------------------------+-------+-------+------------+----------+-----------------------------+---------------------------+-------------------------+
; Slack ; Actual fmax (period)                           ; From  ; To    ; From Clock ; To Clock ; Required Setup Relationship ; Required Longest P2P Time ; Actual Longest P2P Time ;
+-------+------------------------------------------------+-------+-------+------------+----------+-----------------------------+---------------------------+-------------------------+
; N/A   ; Restricted to 500.00 MHz ( period = 2.000 ns ) ; inst2 ; inst  ; CLK1       ; CLK1     ; None                        ; None                      ; 0.687 ns                ;
; N/A   ; Restricted to 500.00 MHz ( period = 2.000 ns ) ; inst3 ; inst  ; CLK1       ; CLK1     ; None                        ; None                      ; 0.681 ns                ;
; N/A   ; Restricted to 500.00 MHz ( period = 2.000 ns ) ; inst3 ; inst4 ; CLK1       ; CLK1     ; None                        ; None                      ; 0.533 ns                ;
; N/A   ; Restricted to 500.00 MHz ( period = 2.000 ns ) ; inst2 ; inst3 ; CLK1       ; CLK1     ; None                        ; None                      ; 0.428 ns                ;
; N/A   ; Restricted to 500.00 MHz ( period = 2.000 ns ) ; inst1 ; inst  ; CLK1       ; CLK1     ; None                        ; None                      ; 0.427 ns                ;
; N/A   ; Restricted to 500.00 MHz ( period = 2.000 ns ) ; inst1 ; inst2 ; CLK1       ; CLK1     ; None                        ; None                      ; 0.424 ns                ;
; N/A   ; Restricted to 500.00 MHz ( period = 2.000 ns ) ; inst  ; inst1 ; CLK1       ; CLK1     ; None                        ; None                      ; 0.418 ns                ;
; N/A   ; Restricted to 500.00 MHz ( period = 2.000 ns ) ; inst  ; inst  ; CLK1       ; CLK1     ; None                        ; None                      ; 0.396 ns                ;
+-------+------------------------------------------------+-------+-------+------------+----------+-----------------------------+---------------------------+-------------------------+


+------------------------------------------------------------------------------------------------------------------------------------------------------------------------------------+
; Clock Setup: 'S0'                                                                                                                                                                  ;
+-------+------------------------------------------------+-------+-------+------------+----------+-----------------------------+---------------------------+-------------------------+
; Slack ; Actual fmax (period)                           ; From  ; To    ; From Clock ; To Clock ; Required Setup Relationship ; Required Longest P2P Time ; Actual Longest P2P Time ;
+-------+------------------------------------------------+-------+-------+------------+----------+-----------------------------+---------------------------+-------------------------+
; N/A   ; Restricted to 500.00 MHz ( period = 2.000 ns ) ; inst2 ; inst  ; S0         ; S0       ; None                        ; None                      ; 0.687 ns                ;
; N/A   ; Restricted to 500.00 MHz ( period = 2.000 ns ) ; inst3 ; inst  ; S0         ; S0       ; None                        ; None                      ; 0.681 ns                ;
; N/A   ; Restricted to 500.00 MHz ( period = 2.000 ns ) ; inst3 ; inst4 ; S0         ; S0       ; None                        ; None                      ; 0.533 ns                ;
; N/A   ; Restricted to 500.00 MHz ( period = 2.000 ns ) ; inst2 ; inst3 ; S0         ; S0       ; None                        ; None                      ; 0.428 ns                ;
; N/A   ; Restricted to 500.00 MHz ( period = 2.000 ns ) ; inst1 ; inst  ; S0         ; S0       ; None                        ; None                      ; 0.427 ns                ;
; N/A   ; Restricted to 500.00 MHz ( period = 2.000 ns ) ; inst1 ; inst2 ; S0         ; S0       ; None                        ; None                      ; 0.424 ns                ;
; N/A   ; Restricted to 500.00 MHz ( period = 2.000 ns ) ; inst  ; inst1 ; S0         ; S0       ; None                        ; None                      ; 0.418 ns                ;
; N/A   ; Restricted to 500.00 MHz ( period = 2.000 ns ) ; inst  ; inst  ; S0         ; S0       ; None                        ; None                      ; 0.396 ns                ;
+-------+------------------------------------------------+-------+-------+------------+----------+-----------------------------+---------------------------+-------------------------+


+------------------------------------------------------------+
; tsu                                                        ;
+-------+--------------+------------+------+------+----------+
; Slack ; Required tsu ; Actual tsu ; From ; To   ; To Clock ;
+-------+--------------+------------+------+------+----------+
; N/A   ; None         ; 1.522 ns   ; S0   ; inst ; CLK1     ;
; N/A   ; None         ; 0.576 ns   ; S0   ; inst ; S0       ;
+-------+--------------+------------+------+------+----------+


+-------------------------------------------------------------+
; tco                                                         ;
+-------+--------------+------------+-------+----+------------+
; Slack ; Required tco ; Actual tco ; From  ; To ; From Clock ;
+-------+--------------+------------+-------+----+------------+
; N/A   ; None         ; 9.629 ns   ; inst1 ; T2 ; S0         ;
; N/A   ; None         ; 8.847 ns   ; inst2 ; T3 ; S0         ;
; N/A   ; None         ; 8.683 ns   ; inst1 ; T2 ; CLK1       ;
; N/A   ; None         ; 7.960 ns   ; inst3 ; T4 ; S0         ;
; N/A   ; None         ; 7.901 ns   ; inst2 ; T3 ; CLK1       ;
; N/A   ; None         ; 7.740 ns   ; inst  ; T1 ; S0         ;
; N/A   ; None         ; 7.014 ns   ; inst3 ; T4 ; CLK1       ;
; N/A   ; None         ; 6.794 ns   ; inst  ; T1 ; CLK1       ;
+-------+--------------+------------+-------+----+------------+


+------------------------------------------------------------------+
; th                                                               ;
+---------------+-------------+-----------+------+------+----------+
; Minimum Slack ; Required th ; Actual th ; From ; To   ; To Clock ;
+---------------+-------------+-----------+------+------+----------+
; N/A           ; None        ; -0.337 ns ; S0   ; inst ; S0       ;
; N/A           ; None        ; -1.283 ns ; S0   ; inst ; CLK1     ;
+---------------+-------------+-----------+------+------+----------+


+--------------------------+
; Timing Analyzer Messages ;
+--------------------------+
Info: *******************************************************************
Info: Running Quartus II Classic Timing Analyzer
    Info: Version 9.0 Build 132 02/25/2009 SJ Full Version
    Info: Processing started: Wed Sep 20 12:04:41 2023
Info: Command: quartus_tan --read_settings_files=off --write_settings_files=off ttf -c ttf --timing_analysis_only
Info: Parallel compilation is enabled and will use 4 of the 4 processors detected
Warning: Found pins functioning as undefined clocks and/or memory enables
    Info: Assuming node "CLK1" is an undefined clock
    Info: Assuming node "S0" is an undefined clock
Warning: Found 2 node(s) in clock paths which may be acting as ripple and/or gated clocks -- node(s) analyzed as buffer(s) resulting in clock skew
    Info: Detected ripple clock "inst4" as buffer
    Info: Detected gated clock "inst8" as buffer
Info: Clock "CLK1" Internal fmax is restricted to 500.0 MHz between source register "inst2" and destination register "inst"
    Info: fmax restricted to clock pin edge rate 2.0 ns. Expand message to see actual delay path.
        Info: + Longest register to register delay is 0.687 ns
            Info: 1: + IC(0.000 ns) + CELL(0.000 ns) = 0.000 ns; Loc. = LCFF_X39_Y5_N17; Fanout = 3; REG Node = 'inst2'
            Info: 2: + IC(0.260 ns) + CELL(0.272 ns) = 0.532 ns; Loc. = LCCOMB_X39_Y5_N14; Fanout = 1; COMB Node = '21mux:inst7|5~0'
            Info: 3: + IC(0.000 ns) + CELL(0.155 ns) = 0.687 ns; Loc. = LCFF_X39_Y5_N15; Fanout = 3; REG Node = 'inst'
            Info: Total cell delay = 0.427 ns ( 62.15 % )
            Info: Total interconnect delay = 0.260 ns ( 37.85 % )
        Info: - Smallest clock skew is 0.000 ns
            Info: + Shortest clock path from clock "CLK1" to destination register is 4.213 ns
                Info: 1: + IC(0.000 ns) + CELL(0.810 ns) = 0.810 ns; Loc. = PIN_R3; Fanout = 1; CLK Node = 'CLK1'
                Info: 2: + IC(0.797 ns) + CELL(0.053 ns) = 1.660 ns; Loc. = LCCOMB_X39_Y5_N8; Fanout = 1; COMB Node = 'inst8'
                Info: 3: + IC(1.248 ns) + CELL(0.000 ns) = 2.908 ns; Loc. = CLKCTRL_G10; Fanout = 5; COMB Node = 'inst8~clkctrl'
                Info: 4: + IC(0.687 ns) + CELL(0.618 ns) = 4.213 ns; Loc. = LCFF_X39_Y5_N15; Fanout = 3; REG Node = 'inst'
                Info: Total cell delay = 1.481 ns ( 35.15 % )
                Info: Total interconnect delay = 2.732 ns ( 64.85 % )
            Info: - Longest clock path from clock "CLK1" to source register is 4.213 ns
                Info: 1: + IC(0.000 ns) + CELL(0.810 ns) = 0.810 ns; Loc. = PIN_R3; Fanout = 1; CLK Node = 'CLK1'
                Info: 2: + IC(0.797 ns) + CELL(0.053 ns) = 1.660 ns; Loc. = LCCOMB_X39_Y5_N8; Fanout = 1; COMB Node = 'inst8'
                Info: 3: + IC(1.248 ns) + CELL(0.000 ns) = 2.908 ns; Loc. = CLKCTRL_G10; Fanout = 5; COMB Node = 'inst8~clkctrl'
                Info: 4: + IC(0.687 ns) + CELL(0.618 ns) = 4.213 ns; Loc. = LCFF_X39_Y5_N17; Fanout = 3; REG Node = 'inst2'
                Info: Total cell delay = 1.481 ns ( 35.15 % )
                Info: Total interconnect delay = 2.732 ns ( 64.85 % )
        Info: + Micro clock to output delay of source is 0.094 ns
        Info: + Micro setup delay of destination is 0.090 ns
Info: Clock "S0" Internal fmax is restricted to 500.0 MHz between source register "inst2" and destination register "inst"
    Info: fmax restricted to clock pin edge rate 2.0 ns. Expand message to see actual delay path.
        Info: + Longest register to register delay is 0.687 ns
            Info: 1: + IC(0.000 ns) + CELL(0.000 ns) = 0.000 ns; Loc. = LCFF_X39_Y5_N17; Fanout = 3; REG Node = 'inst2'
            Info: 2: + IC(0.260 ns) + CELL(0.272 ns) = 0.532 ns; Loc. = LCCOMB_X39_Y5_N14; Fanout = 1; COMB Node = '21mux:inst7|5~0'
            Info: 3: + IC(0.000 ns) + CELL(0.155 ns) = 0.687 ns; Loc. = LCFF_X39_Y5_N15; Fanout = 3; REG Node = 'inst'
            Info: Total cell delay = 0.427 ns ( 62.15 % )
            Info: Total interconnect delay = 0.260 ns ( 37.85 % )
        Info: - Smallest clock skew is 0.000 ns
            Info: + Shortest clock path from clock "S0" to destination register is 5.159 ns
                Info: 1: + IC(0.000 ns) + CELL(0.827 ns) = 0.827 ns; Loc. = PIN_V10; Fanout = 2; CLK Node = 'S0'
                Info: 2: + IC(1.507 ns) + CELL(0.272 ns) = 2.606 ns; Loc. = LCCOMB_X39_Y5_N8; Fanout = 1; COMB Node = 'inst8'
                Info: 3: + IC(1.248 ns) + CELL(0.000 ns) = 3.854 ns; Loc. = CLKCTRL_G10; Fanout = 5; COMB Node = 'inst8~clkctrl'
                Info: 4: + IC(0.687 ns) + CELL(0.618 ns) = 5.159 ns; Loc. = LCFF_X39_Y5_N15; Fanout = 3; REG Node = 'inst'
                Info: Total cell delay = 1.717 ns ( 33.28 % )
                Info: Total interconnect delay = 3.442 ns ( 66.72 % )
            Info: - Longest clock path from clock "S0" to source register is 5.159 ns
                Info: 1: + IC(0.000 ns) + CELL(0.827 ns) = 0.827 ns; Loc. = PIN_V10; Fanout = 2; CLK Node = 'S0'
                Info: 2: + IC(1.507 ns) + CELL(0.272 ns) = 2.606 ns; Loc. = LCCOMB_X39_Y5_N8; Fanout = 1; COMB Node = 'inst8'
                Info: 3: + IC(1.248 ns) + CELL(0.000 ns) = 3.854 ns; Loc. = CLKCTRL_G10; Fanout = 5; COMB Node = 'inst8~clkctrl'
                Info: 4: + IC(0.687 ns) + CELL(0.618 ns) = 5.159 ns; Loc. = LCFF_X39_Y5_N17; Fanout = 3; REG Node = 'inst2'
                Info: Total cell delay = 1.717 ns ( 33.28 % )
                Info: Total interconnect delay = 3.442 ns ( 66.72 % )
        Info: + Micro clock to output delay of source is 0.094 ns
        Info: + Micro setup delay of destination is 0.090 ns
Info: tsu for register "inst" (data pin = "S0", clock pin = "CLK1") is 1.522 ns
    Info: + Longest pin to register delay is 5.645 ns
        Info: 1: + IC(0.000 ns) + CELL(0.827 ns) = 0.827 ns; Loc. = PIN_V10; Fanout = 2; CLK Node = 'S0'
        Info: 2: + IC(4.306 ns) + CELL(0.357 ns) = 5.490 ns; Loc. = LCCOMB_X39_Y5_N14; Fanout = 1; COMB Node = '21mux:inst7|5~0'
        Info: 3: + IC(0.000 ns) + CELL(0.155 ns) = 5.645 ns; Loc. = LCFF_X39_Y5_N15; Fanout = 3; REG Node = 'inst'
        Info: Total cell delay = 1.339 ns ( 23.72 % )
        Info: Total interconnect delay = 4.306 ns ( 76.28 % )
    Info: + Micro setup delay of destination is 0.090 ns
    Info: - Shortest clock path from clock "CLK1" to destination register is 4.213 ns
        Info: 1: + IC(0.000 ns) + CELL(0.810 ns) = 0.810 ns; Loc. = PIN_R3; Fanout = 1; CLK Node = 'CLK1'
        Info: 2: + IC(0.797 ns) + CELL(0.053 ns) = 1.660 ns; Loc. = LCCOMB_X39_Y5_N8; Fanout = 1; COMB Node = 'inst8'
        Info: 3: + IC(1.248 ns) + CELL(0.000 ns) = 2.908 ns; Loc. = CLKCTRL_G10; Fanout = 5; COMB Node = 'inst8~clkctrl'
        Info: 4: + IC(0.687 ns) + CELL(0.618 ns) = 4.213 ns; Loc. = LCFF_X39_Y5_N15; Fanout = 3; REG Node = 'inst'
        Info: Total cell delay = 1.481 ns ( 35.15 % )
        Info: Total interconnect delay = 2.732 ns ( 64.85 % )
Info: tco from clock "S0" to destination pin "T2" through register "inst1" is 9.629 ns
    Info: + Longest clock path from clock "S0" to source register is 5.159 ns
        Info: 1: + IC(0.000 ns) + CELL(0.827 ns) = 0.827 ns; Loc. = PIN_V10; Fanout = 2; CLK Node = 'S0'
        Info: 2: + IC(1.507 ns) + CELL(0.272 ns) = 2.606 ns; Loc. = LCCOMB_X39_Y5_N8; Fanout = 1; COMB Node = 'inst8'
        Info: 3: + IC(1.248 ns) + CELL(0.000 ns) = 3.854 ns; Loc. = CLKCTRL_G10; Fanout = 5; COMB Node = 'inst8~clkctrl'
        Info: 4: + IC(0.687 ns) + CELL(0.618 ns) = 5.159 ns; Loc. = LCFF_X39_Y5_N21; Fanout = 3; REG Node = 'inst1'
        Info: Total cell delay = 1.717 ns ( 33.28 % )
        Info: Total interconnect delay = 3.442 ns ( 66.72 % )
    Info: + Micro clock to output delay of source is 0.094 ns
    Info: + Longest register to pin delay is 4.376 ns
        Info: 1: + IC(0.000 ns) + CELL(0.000 ns) = 0.000 ns; Loc. = LCFF_X39_Y5_N21; Fanout = 3; REG Node = 'inst1'
        Info: 2: + IC(2.242 ns) + CELL(2.134 ns) = 4.376 ns; Loc. = PIN_T20; Fanout = 0; PIN Node = 'T2'
        Info: Total cell delay = 2.134 ns ( 48.77 % )
        Info: Total interconnect delay = 2.242 ns ( 51.23 % )
Info: th for register "inst" (data pin = "S0", clock pin = "S0") is -0.337 ns
    Info: + Longest clock path from clock "S0" to destination register is 5.159 ns
        Info: 1: + IC(0.000 ns) + CELL(0.827 ns) = 0.827 ns; Loc. = PIN_V10; Fanout = 2; CLK Node = 'S0'
        Info: 2: + IC(1.507 ns) + CELL(0.272 ns) = 2.606 ns; Loc. = LCCOMB_X39_Y5_N8; Fanout = 1; COMB Node = 'inst8'
        Info: 3: + IC(1.248 ns) + CELL(0.000 ns) = 3.854 ns; Loc. = CLKCTRL_G10; Fanout = 5; COMB Node = 'inst8~clkctrl'
        Info: 4: + IC(0.687 ns) + CELL(0.618 ns) = 5.159 ns; Loc. = LCFF_X39_Y5_N15; Fanout = 3; REG Node = 'inst'
        Info: Total cell delay = 1.717 ns ( 33.28 % )
        Info: Total interconnect delay = 3.442 ns ( 66.72 % )
    Info: + Micro hold delay of destination is 0.149 ns
    Info: - Shortest pin to register delay is 5.645 ns
        Info: 1: + IC(0.000 ns) + CELL(0.827 ns) = 0.827 ns; Loc. = PIN_V10; Fanout = 2; CLK Node = 'S0'
        Info: 2: + IC(4.306 ns) + CELL(0.357 ns) = 5.490 ns; Loc. = LCCOMB_X39_Y5_N14; Fanout = 1; COMB Node = '21mux:inst7|5~0'
        Info: 3: + IC(0.000 ns) + CELL(0.155 ns) = 5.645 ns; Loc. = LCFF_X39_Y5_N15; Fanout = 3; REG Node = 'inst'
        Info: Total cell delay = 1.339 ns ( 23.72 % )
        Info: Total interconnect delay = 4.306 ns ( 76.28 % )
Info: Quartus II Classic Timing Analyzer was successful. 0 errors, 2 warnings
    Info: Peak virtual memory: 192 megabytes
    Info: Processing ended: Wed Sep 20 12:04:41 2023
    Info: Elapsed time: 00:00:00
    Info: Total CPU time (on all processors): 00:00:00


